24/04 12:51:23 FINE is.InfoServer|Using game path: /Users/Cristina/Documents/Uni/IV/sem II/COMP6006/COMP6006KMC/tacserver/public_html/history
24/04 12:51:23 SEVERE is.InfoServer|You should register an admin user with the name 'admin'!
************************************************************
* You should register an admin user with the name 'admin'!
************************************************************


24/04 12:51:23 INFO is.GameArchiver|adding game 1 to be generated
24/04 12:51:24 INFO is.AppletServer|viewer server started at *:4041
24/04 11:51:24 SEVERE is.InfoServer|detected existing coming game 1 (1) prior to current time
24/04 11:51:53 FINE is.GameArchiver|Reading game 1 from applet1.log copying to /Users/Cristina/Documents/Uni/IV/sem II/COMP6006/COMP6006KMC/tacserver/public_html/history/1/applet.log.gz
24/04 11:51:53 SEVERE is.GameArchiver|game 1 was not (yet?) finished!
24/04 11:53:32 FINE is.InfoServer|new coming game 2 (gameid=2,tacClassic)
24/04 11:54:59 FINE is.TACStore|>>> Checking competition for game: 2 (2)
24/04 12:03:59 FINE is.InfoServer|game 2 ended
24/04 12:04:00 FINEST solver.FastOptimizer|Best Util: 10903
24/04 12:04:00 FINEST solver.FastOptimizer|New Bound: 10202, h = 10344 time = 0
24/04 12:04:00 FINEST solver.FastOptimizer|New Bound: 10355, h = 10497 time = 0
24/04 12:04:00 FINEST solver.FastOptimizer|New Bound: 10395, h = 10630 time = 6
24/04 12:04:00 FINEST solver.FastOptimizer|New Bound: 10476, h = 10618 time = 38
24/04 12:04:00 FINEST solver.FastOptimizer|New Bound: 10504, h = 10646 time = 53
24/04 12:04:00 FINE solver.FastOptimizer|
-------------------------------------------
Final score
-------------------------------------------
Client 1 stays 1 - 4 on good hotel            E2 day 3 E3 day 1 score = 1487
Client 2 stays 1 - 5 on good hotel   E1 day 3 E2 day 1 E3 day 4 score = 1529
Client 3 stays 1 - 3 on good hotel                     E3 day 1 score = 1280
Client 4 stays 3 - 5 on good hotel            E2 day 3 E3 day 4 score = 1381
Client 5 stays 1 - 4 on cheap hotel  E1 day 3 E2 day 1          score = 1159
Client 6 stays 3 - 4 on good hotel            E2 day 3          score = 1273
Client 7 stays 3 - 4 on good hotel                     E3 day 3 score = 1272
Client 8 stays 2 - 4 on cheap hotel           E2 day 3          score = 1123
Total score = 10504
-------------------------------------------
Time: 55        	Allocs: 6135
Bnbs: 28747    	Bound: 10504
-------------------------------------------
24/04 12:04:00 FINEST solver.FastOptimizer|Best Util: 10440
24/04 12:04:00 FINEST solver.FastOptimizer|New Bound: 8519, h = 8613 time = 0
24/04 12:04:00 FINEST solver.FastOptimizer|New Bound: 8572, h = 8693 time = 1
24/04 12:04:00 FINEST solver.FastOptimizer|New Bound: 8595, h = 8756 time = 1
24/04 12:04:00 FINEST solver.FastOptimizer|New Bound: 8675, h = 8836 time = 1
24/04 12:04:00 FINEST solver.FastOptimizer|New Bound: 8679, h = 8800 time = 1
24/04 12:04:00 FINEST solver.FastOptimizer|New Bound: 8702, h = 8796 time = 2
24/04 12:04:00 FINEST solver.FastOptimizer|New Bound: 8718, h = 8772 time = 2
24/04 12:04:00 FINEST solver.FastOptimizer|New Bound: 8720, h = 8814 time = 6
24/04 12:04:00 FINEST solver.FastOptimizer|New Bound: 8721, h = 8815 time = 9
24/04 12:04:00 FINEST solver.FastOptimizer|New Bound: 8737, h = 8791 time = 9
24/04 12:04:00 FINEST solver.FastOptimizer|New Bound: 8785, h = 8946 time = 11
24/04 12:04:00 FINEST solver.FastOptimizer|New Bound: 8789, h = 8910 time = 11
24/04 12:04:00 FINEST solver.FastOptimizer|New Bound: 8812, h = 8906 time = 12
24/04 12:04:00 FINEST solver.FastOptimizer|New Bound: 8828, h = 8882 time = 12
24/04 12:04:00 FINEST solver.FastOptimizer|New Bound: 8830, h = 8924 time = 13
24/04 12:04:00 FINEST solver.FastOptimizer|New Bound: 8876, h = 9064 time = 15
24/04 12:04:00 FINEST solver.FastOptimizer|New Bound: 8901, h = 8995 time = 17
24/04 12:04:00 FINEST solver.FastOptimizer|New Bound: 8909, h = 9097 time = 19
24/04 12:04:00 FINEST solver.FastOptimizer|New Bound: 8922, h = 9043 time = 40
24/04 12:04:00 FINEST solver.FastOptimizer|New Bound: 8925, h = 9086 time = 42
24/04 12:04:00 FINEST solver.FastOptimizer|New Bound: 8941, h = 9062 time = 42
24/04 12:04:00 FINEST solver.FastOptimizer|New Bound: 8997, h = 9185 time = 46
24/04 12:04:00 FINEST solver.FastOptimizer|New Bound: 9030, h = 9218 time = 50
24/04 12:04:00 FINEST solver.FastOptimizer|New Bound: 9047, h = 9141 time = 70
24/04 12:04:00 FINEST solver.FastOptimizer|New Bound: 9080, h = 9174 time = 71
24/04 12:04:00 FINE solver.FastOptimizer|
-------------------------------------------
Final score
-------------------------------------------
Client 1 stays 3 - 5 on good hotel                     E3 day 3 score = 1130
Client 2 stays 2 - 4 on cheap hotel           E2 day 3 E3 day 2 score = 1230
Client 3 stays 1 - 5 on cheap hotel  E1 day 3 E2 day 1 E3 day 2 score = 1270
Client 4 stays 1 - 2 on good hotel            E2 day 1          score = 805
Client 5 stays 1 - 2 on good hotel            E2 day 1          score = 995
Client 6 stays 3 - 5 on good hotel   E1 day 3                   score = 1275
Client 7 stays 2 - 3 on good hotel            E2 day 2          score = 1195
Client 8 stays 1 - 3 on good hotel   E1 day 1          E3 day 2 score = 1180
Total score = 9080
-------------------------------------------
Time: 194        	Allocs: 78708
Bnbs: 1588301    	Bound: 9080
-------------------------------------------
24/04 12:04:00 FINEST solver.FastOptimizer|Best Util: 9890
24/04 12:04:00 FINEST solver.FastOptimizer|New Bound: 6779, h = 6854 time = 0
24/04 12:04:00 FINEST solver.FastOptimizer|New Bound: 6800, h = 6878 time = 1
24/04 12:04:00 FINEST solver.FastOptimizer|New Bound: 6822, h = 6900 time = 1
24/04 12:04:00 FINEST solver.FastOptimizer|New Bound: 6939, h = 7014 time = 1
24/04 12:04:00 FINEST solver.FastOptimizer|New Bound: 6960, h = 7038 time = 1
24/04 12:04:00 FINEST solver.FastOptimizer|New Bound: 6982, h = 7060 time = 1
24/04 12:04:00 FINEST solver.FastOptimizer|New Bound: 7054, h = 7129 time = 2
24/04 12:04:00 FINEST solver.FastOptimizer|New Bound: 7096, h = 7180 time = 3
24/04 12:04:00 FINEST solver.FastOptimizer|New Bound: 7117, h = 7204 time = 4
24/04 12:04:00 FINEST solver.FastOptimizer|New Bound: 7139, h = 7226 time = 4
24/04 12:04:00 FINEST solver.FastOptimizer|New Bound: 7630, h = 7705 time = 5
24/04 12:04:00 FINEST solver.FastOptimizer|New Bound: 7669, h = 7744 time = 6
24/04 12:04:00 FINEST solver.FastOptimizer|New Bound: 7673, h = 7751 time = 6
24/04 12:04:00 FINEST solver.FastOptimizer|New Bound: 7733, h = 7808 time = 6
24/04 12:04:00 FINEST solver.FastOptimizer|New Bound: 7781, h = 7856 time = 6
24/04 12:04:00 FINEST solver.FastOptimizer|New Bound: 7784, h = 7859 time = 6
24/04 12:04:00 FINEST solver.FastOptimizer|New Bound: 7829, h = 7904 time = 6
24/04 12:04:00 FINEST solver.FastOptimizer|New Bound: 7851, h = 7926 time = 9
24/04 12:04:00 FINEST solver.FastOptimizer|New Bound: 7853, h = 7928 time = 11
24/04 12:04:00 FINEST solver.FastOptimizer|New Bound: 7901, h = 7976 time = 11
24/04 12:04:00 FINEST solver.FastOptimizer|New Bound: 7902, h = 7977 time = 13
24/04 12:04:00 FINEST solver.FastOptimizer|New Bound: 7947, h = 8022 time = 13
24/04 12:04:00 FINEST solver.FastOptimizer|New Bound: 7968, h = 8043 time = 18
24/04 12:04:00 FINEST solver.FastOptimizer|New Bound: 7971, h = 8046 time = 20
24/04 12:04:00 FINEST solver.FastOptimizer|New Bound: 8019, h = 8094 time = 20
24/04 12:04:00 FINE solver.FastOptimizer|
-------------------------------------------
Final score
-------------------------------------------
Client 1 stays 1 - 3 on cheap hotel  E1 day 1          E3 day 2 score = 1189
Client 2 stays 1 - 2 on cheap hotel                    E3 day 1 score = 762
Client 3 stays 1 - 2 on good hotel                     E3 day 1 score = 853
Client 4 stays 2 - 3 on good hotel            E2 day 2          score = 1325
Client 5 stays 2 - 3 on good hotel                     E3 day 2 score = 933
Client 6 stays 1 - 3 on cheap hotel  E1 day 2          E3 day 1 score = 1114
Client 7 stays 1 - 2 on cheap hotel  E1 day 1                   score = 765
Client 8 stays 4 - 5 on good hotel                              score = 1078
Total score = 8019
-------------------------------------------
Time: 28        	Allocs: 6896
Bnbs: 342698    	Bound: 8019
-------------------------------------------
24/04 12:04:00 FINEST solver.FastOptimizer|Best Util: 10179
24/04 12:04:00 FINEST solver.FastOptimizer|New Bound: 5028, h = 5319 time = 0
24/04 12:04:00 FINEST solver.FastOptimizer|New Bound: 5041, h = 5277 time = 1
24/04 12:04:00 FINEST solver.FastOptimizer|New Bound: 5073, h = 5364 time = 1
24/04 12:04:00 FINEST solver.FastOptimizer|New Bound: 5086, h = 5322 time = 1
24/04 12:04:00 FINEST solver.FastOptimizer|New Bound: 5128, h = 5434 time = 1
24/04 12:04:00 FINEST solver.FastOptimizer|New Bound: 5141, h = 5392 time = 1
24/04 12:04:00 FINEST solver.FastOptimizer|New Bound: 5173, h = 5479 time = 1
24/04 12:04:00 FINEST solver.FastOptimizer|New Bound: 5186, h = 5437 time = 2
24/04 12:04:00 FINEST solver.FastOptimizer|New Bound: 5228, h = 5534 time = 2
24/04 12:04:00 FINEST solver.FastOptimizer|New Bound: 5241, h = 5492 time = 2
24/04 12:04:00 FINEST solver.FastOptimizer|New Bound: 5273, h = 5579 time = 2
24/04 12:04:00 FINEST solver.FastOptimizer|New Bound: 5286, h = 5537 time = 2
24/04 12:04:00 FINEST solver.FastOptimizer|New Bound: 5291, h = 5597 time = 2
24/04 12:04:00 FINEST solver.FastOptimizer|New Bound: 5304, h = 5555 time = 3
24/04 12:04:00 FINEST solver.FastOptimizer|New Bound: 5861, h = 6152 time = 8
24/04 12:04:00 FINEST solver.FastOptimizer|New Bound: 5874, h = 6165 time = 8
24/04 12:04:00 FINEST solver.FastOptimizer|New Bound: 5885, h = 6194 time = 8
24/04 12:04:00 FINEST solver.FastOptimizer|New Bound: 5887, h = 6123 time = 8
24/04 12:04:00 FINEST solver.FastOptimizer|New Bound: 5898, h = 6152 time = 8
24/04 12:04:00 FINEST solver.FastOptimizer|New Bound: 5906, h = 6197 time = 8
24/04 12:04:00 FINEST solver.FastOptimizer|New Bound: 5919, h = 6210 time = 8
24/04 12:04:00 FINEST solver.FastOptimizer|New Bound: 5930, h = 6239 time = 8
24/04 12:04:00 FINEST solver.FastOptimizer|New Bound: 5932, h = 6168 time = 8
24/04 12:04:00 FINEST solver.FastOptimizer|New Bound: 5943, h = 6197 time = 9
24/04 12:04:00 FINEST solver.FastOptimizer|New Bound: 5961, h = 6252 time = 9
24/04 12:04:00 FINEST solver.FastOptimizer|New Bound: 5974, h = 6265 time = 9
24/04 12:04:00 FINEST solver.FastOptimizer|New Bound: 5985, h = 6294 time = 9
24/04 12:04:00 FINEST solver.FastOptimizer|New Bound: 5987, h = 6223 time = 9
24/04 12:04:00 FINEST solver.FastOptimizer|New Bound: 5998, h = 6252 time = 9
24/04 12:04:00 FINEST solver.FastOptimizer|New Bound: 6006, h = 6297 time = 9
24/04 12:04:00 FINEST solver.FastOptimizer|New Bound: 6019, h = 6310 time = 9
24/04 12:04:00 FINEST solver.FastOptimizer|New Bound: 6030, h = 6339 time = 9
24/04 12:04:00 FINEST solver.FastOptimizer|New Bound: 6032, h = 6268 time = 10
24/04 12:04:00 FINEST solver.FastOptimizer|New Bound: 6043, h = 6297 time = 10
24/04 12:04:00 FINEST solver.FastOptimizer|New Bound: 6061, h = 6352 time = 10
24/04 12:04:00 FINEST solver.FastOptimizer|New Bound: 6074, h = 6365 time = 10
24/04 12:04:00 FINEST solver.FastOptimizer|New Bound: 6085, h = 6394 time = 10
24/04 12:04:00 FINEST solver.FastOptimizer|New Bound: 6087, h = 6323 time = 10
24/04 12:04:00 FINEST solver.FastOptimizer|New Bound: 6098, h = 6352 time = 10
24/04 12:04:00 FINEST solver.FastOptimizer|New Bound: 6106, h = 6397 time = 10
24/04 12:04:00 FINEST solver.FastOptimizer|New Bound: 6119, h = 6410 time = 10
24/04 12:04:00 FINEST solver.FastOptimizer|New Bound: 6130, h = 6439 time = 10
24/04 12:04:00 FINEST solver.FastOptimizer|New Bound: 6132, h = 6368 time = 11
24/04 12:04:00 FINEST solver.FastOptimizer|New Bound: 6143, h = 6397 time = 11
24/04 12:04:00 FINEST solver.FastOptimizer|New Bound: 6148, h = 6457 time = 11
24/04 12:04:00 FINEST solver.FastOptimizer|New Bound: 6150, h = 6386 time = 12
24/04 12:04:00 FINEST solver.FastOptimizer|New Bound: 6161, h = 6415 time = 12
24/04 12:04:00 FINEST solver.FastOptimizer|New Bound: 6624, h = 6915 time = 23
24/04 12:04:00 FINEST solver.FastOptimizer|New Bound: 6637, h = 6928 time = 23
24/04 12:04:00 FINEST solver.FastOptimizer|New Bound: 6648, h = 6957 time = 23
24/04 12:04:00 FINEST solver.FastOptimizer|New Bound: 6650, h = 6886 time = 23
24/04 12:04:00 FINEST solver.FastOptimizer|New Bound: 6661, h = 6915 time = 23
24/04 12:04:00 FINEST solver.FastOptimizer|New Bound: 6669, h = 6960 time = 24
24/04 12:04:00 FINEST solver.FastOptimizer|New Bound: 6680, h = 6989 time = 24
24/04 12:04:00 FINEST solver.FastOptimizer|New Bound: 6682, h = 6918 time = 24
24/04 12:04:00 FINEST solver.FastOptimizer|New Bound: 6693, h = 6947 time = 24
24/04 12:04:00 FINEST solver.FastOptimizer|New Bound: 6724, h = 7015 time = 24
24/04 12:04:00 FINEST solver.FastOptimizer|New Bound: 6737, h = 7028 time = 24
24/04 12:04:00 FINEST solver.FastOptimizer|New Bound: 6748, h = 7057 time = 24
24/04 12:04:00 FINEST solver.FastOptimizer|New Bound: 6750, h = 6986 time = 24
24/04 12:04:00 FINEST solver.FastOptimizer|New Bound: 6761, h = 7015 time = 24
24/04 12:04:00 FINEST solver.FastOptimizer|New Bound: 6769, h = 7060 time = 25
24/04 12:04:00 FINEST solver.FastOptimizer|New Bound: 6780, h = 7089 time = 25
24/04 12:04:00 FINEST solver.FastOptimizer|New Bound: 6782, h = 7018 time = 25
24/04 12:04:00 FINEST solver.FastOptimizer|New Bound: 6793, h = 7047 time = 25
24/04 12:04:00 FINEST solver.FastOptimizer|New Bound: 6824, h = 7115 time = 25
24/04 12:04:00 FINEST solver.FastOptimizer|New Bound: 6837, h = 7128 time = 25
24/04 12:04:00 FINEST solver.FastOptimizer|New Bound: 6848, h = 7157 time = 26
24/04 12:04:00 FINEST solver.FastOptimizer|New Bound: 6850, h = 7086 time = 26
24/04 12:04:00 FINEST solver.FastOptimizer|New Bound: 6861, h = 7115 time = 26
24/04 12:04:00 FINEST solver.FastOptimizer|New Bound: 6867, h = 7158 time = 53
24/04 12:04:00 FINEST solver.FastOptimizer|New Bound: 6878, h = 7187 time = 53
24/04 12:04:00 FINEST solver.FastOptimizer|New Bound: 6880, h = 7116 time = 54
24/04 12:04:00 FINEST solver.FastOptimizer|New Bound: 6891, h = 7145 time = 54
24/04 12:04:00 FINEST solver.FastOptimizer|New Bound: 6922, h = 7213 time = 54
24/04 12:04:00 FINEST solver.FastOptimizer|New Bound: 6935, h = 7226 time = 54
24/04 12:04:00 FINEST solver.FastOptimizer|New Bound: 6946, h = 7255 time = 54
24/04 12:04:00 FINEST solver.FastOptimizer|New Bound: 6948, h = 7184 time = 54
24/04 12:04:00 FINEST solver.FastOptimizer|New Bound: 6959, h = 7213 time = 54
24/04 12:04:00 FINEST solver.FastOptimizer|New Bound: 6967, h = 7258 time = 54
24/04 12:04:00 FINEST solver.FastOptimizer|New Bound: 6978, h = 7287 time = 54
24/04 12:04:00 FINEST solver.FastOptimizer|New Bound: 6980, h = 7216 time = 55
24/04 12:04:00 FINEST solver.FastOptimizer|New Bound: 6991, h = 7245 time = 55
24/04 12:04:00 FINEST solver.FastOptimizer|New Bound: 6994, h = 7285 time = 55
24/04 12:04:00 FINEST solver.FastOptimizer|New Bound: 7005, h = 7314 time = 55
24/04 12:04:00 FINEST solver.FastOptimizer|New Bound: 7007, h = 7243 time = 55
24/04 12:04:00 FINEST solver.FastOptimizer|New Bound: 7018, h = 7272 time = 56
24/04 12:04:00 FINEST solver.FastOptimizer|New Bound: 7023, h = 7332 time = 57
24/04 12:04:00 FINEST solver.FastOptimizer|New Bound: 7025, h = 7261 time = 57
24/04 12:04:00 FINEST solver.FastOptimizer|New Bound: 7036, h = 7290 time = 57
24/04 12:04:00 FINEST solver.FastOptimizer|New Bound: 7040, h = 7312 time = 86
24/04 12:04:00 FINEST solver.FastOptimizer|New Bound: 7050, h = 7304 time = 87
24/04 12:04:00 FINEST solver.FastOptimizer|New Bound: 7058, h = 7330 time = 87
24/04 12:04:00 FINEST solver.FastOptimizer|New Bound: 7675, h = 7966 time = 99
24/04 12:04:00 FINEST solver.FastOptimizer|New Bound: 7686, h = 7995 time = 99
24/04 12:04:00 FINEST solver.FastOptimizer|New Bound: 7699, h = 8008 time = 99
24/04 12:04:00 FINEST solver.FastOptimizer|New Bound: 7710, h = 8037 time = 100
24/04 12:04:00 FINEST solver.FastOptimizer|New Bound: 7712, h = 7966 time = 100
24/04 12:04:00 FINEST solver.FastOptimizer|New Bound: 7723, h = 7995 time = 100
24/04 12:04:00 FINEST solver.FastOptimizer|New Bound: 7734, h = 8043 time = 100
24/04 12:04:00 FINEST solver.FastOptimizer|New Bound: 7745, h = 8072 time = 100
24/04 12:04:00 FINEST solver.FastOptimizer|New Bound: 7747, h = 8001 time = 100
24/04 12:04:00 FINEST solver.FastOptimizer|New Bound: 7758, h = 8030 time = 101
24/04 12:04:00 FINEST solver.FastOptimizer|New Bound: 7763, h = 8090 time = 114
24/04 12:04:00 FINEST solver.FastOptimizer|New Bound: 7765, h = 8019 time = 114
24/04 12:04:00 FINEST solver.FastOptimizer|New Bound: 7776, h = 8048 time = 114
24/04 12:04:00 FINEST solver.FastOptimizer|New Bound: 7787, h = 8096 time = 115
24/04 12:04:00 FINEST solver.FastOptimizer|New Bound: 7798, h = 8125 time = 115
24/04 12:04:00 FINEST solver.FastOptimizer|New Bound: 7800, h = 8054 time = 115
24/04 12:04:00 FINEST solver.FastOptimizer|New Bound: 7811, h = 8083 time = 115
24/04 12:04:00 FINEST solver.FastOptimizer|New Bound: 7816, h = 8143 time = 116
24/04 12:04:00 FINEST solver.FastOptimizer|New Bound: 7818, h = 8072 time = 116
24/04 12:04:00 FINEST solver.FastOptimizer|New Bound: 7829, h = 8101 time = 116
24/04 12:04:00 FINEST solver.FastOptimizer|New Bound: 7838, h = 8110 time = 134
24/04 12:04:00 FINEST solver.FastOptimizer|New Bound: 7843, h = 8170 time = 135
24/04 12:04:00 FINEST solver.FastOptimizer|New Bound: 7845, h = 8099 time = 135
24/04 12:04:00 FINEST solver.FastOptimizer|New Bound: 7856, h = 8128 time = 135
24/04 12:04:00 FINEST solver.FastOptimizer|New Bound: 7863, h = 8172 time = 142
24/04 12:04:00 FINEST solver.FastOptimizer|New Bound: 7876, h = 8185 time = 143
24/04 12:04:00 FINEST solver.FastOptimizer|New Bound: 7887, h = 8214 time = 143
24/04 12:04:00 FINEST solver.FastOptimizer|New Bound: 7889, h = 8143 time = 143
24/04 12:04:00 FINEST solver.FastOptimizer|New Bound: 7900, h = 8172 time = 143
24/04 12:04:00 FINEST solver.FastOptimizer|New Bound: 7911, h = 8220 time = 143
24/04 12:04:00 FINEST solver.FastOptimizer|New Bound: 7922, h = 8249 time = 143
24/04 12:04:00 FINEST solver.FastOptimizer|New Bound: 7924, h = 8178 time = 143
24/04 12:04:00 FINEST solver.FastOptimizer|New Bound: 7935, h = 8207 time = 144
24/04 12:04:00 FINE solver.FastOptimizer|
-------------------------------------------
Final score
-------------------------------------------
Client 1 stays 1 - 2 on good hotel                              score = 821
Client 2 stays 1 - 2 on good hotel                              score = 939
Client 3 stays 4 - 5 on good hotel                     E3 day 4 score = 1189
Client 4 stays 1 - 2 on cheap hotel                             score = 700
Client 5 stays 3 - 5 on cheap hotel           E2 day 4 E3 day 3 score = 1186
Client 6 stays 3 - 5 on good hotel            E2 day 4 E3 day 3 score = 1262
Client 7 stays 2 - 3 on good hotel                              score = 898
Client 8 stays 1 - 3 on cheap hotel           E2 day 2          score = 940
Total score = 7935
-------------------------------------------
Time: 184        	Allocs: 375515
Bnbs: 2713710    	Bound: 7935
-------------------------------------------
24/04 12:04:00 FINEST solver.FastOptimizer|Best Util: 10438
24/04 12:04:00 FINEST solver.FastOptimizer|New Bound: 8502, h = 8562 time = 0
24/04 12:04:00 FINEST solver.FastOptimizer|New Bound: 8514, h = 8634 time = 0
24/04 12:04:00 FINEST solver.FastOptimizer|New Bound: 8595, h = 8655 time = 1
24/04 12:04:00 FINEST solver.FastOptimizer|New Bound: 9321, h = 9381 time = 2
24/04 12:04:00 FINEST solver.FastOptimizer|New Bound: 9337, h = 9457 time = 2
24/04 12:04:00 FINEST solver.FastOptimizer|New Bound: 9466, h = 9526 time = 2
24/04 12:04:00 FINEST solver.FastOptimizer|New Bound: 9482, h = 9602 time = 2
24/04 12:04:00 FINEST solver.FastOptimizer|New Bound: 9490, h = 9490 time = 4
24/04 12:04:00 FINEST solver.FastOptimizer|New Bound: 9536, h = 9536 time = 4
24/04 12:04:00 FINEST solver.FastOptimizer|New Bound: 9544, h = 9544 time = 4
24/04 12:04:00 FINEST solver.FastOptimizer|New Bound: 9614, h = 9614 time = 6
24/04 12:04:00 FINEST solver.FastOptimizer|New Bound: 9622, h = 9622 time = 6
24/04 12:04:00 FINEST solver.FastOptimizer|New Bound: 9668, h = 9668 time = 6
24/04 12:04:00 FINEST solver.FastOptimizer|New Bound: 9683, h = 9683 time = 24
24/04 12:04:00 FINEST solver.FastOptimizer|New Bound: 9688, h = 9688 time = 26
24/04 12:04:00 FINE solver.FastOptimizer|
-------------------------------------------
Final score
-------------------------------------------
Client 1 stays 1 - 4 on cheap hotel  E1 day 1 E2 day 2 E3 day 3 score = 1410
Client 2 stays 1 - 2 on good hotel   E1 day 1                   score = 1328
Client 3 stays 3 - 4 on good hotel                              score = 1087
Client 4 stays 1 - 3 on good hotel   E1 day 1                   score = 1117
Client 5 stays 1 - 2 on good hotel   E1 day 1                   score = 1135
Client 6 stays 1 - 5 on cheap hotel  E1 day 1 E2 day 2 E3 day 4 score = 1137
Client 7 stays 2 - 4 on good hotel   E1 day 2 E2 day 3          score = 1419
Client 8 stays 4 - 5 on good hotel            E2 day 4          score = 1055
Total score = 9688
-------------------------------------------
Time: 79        	Allocs: 18673
Bnbs: 875317    	Bound: 9688
-------------------------------------------
24/04 12:04:00 FINEST solver.FastOptimizer|Best Util: 10501
24/04 12:04:00 FINEST solver.FastOptimizer|New Bound: 7668, h = 7897 time = 0
24/04 12:04:00 FINEST solver.FastOptimizer|New Bound: 7814, h = 8008 time = 0
24/04 12:04:00 FINEST solver.FastOptimizer|New Bound: 7843, h = 8038 time = 0
24/04 12:04:00 FINEST solver.FastOptimizer|New Bound: 7845, h = 8039 time = 0
24/04 12:04:00 FINEST solver.FastOptimizer|New Bound: 7979, h = 8173 time = 1
24/04 12:04:00 FINEST solver.FastOptimizer|New Bound: 8008, h = 8203 time = 1
24/04 12:04:00 FINEST solver.FastOptimizer|New Bound: 8035, h = 8258 time = 3
24/04 12:04:00 FINEST solver.FastOptimizer|New Bound: 8112, h = 8336 time = 3
24/04 12:04:00 FINEST solver.FastOptimizer|New Bound: 8711, h = 8940 time = 6
24/04 12:04:00 FINEST solver.FastOptimizer|New Bound: 8857, h = 9051 time = 6
24/04 12:04:00 FINEST solver.FastOptimizer|New Bound: 8934, h = 9129 time = 6
24/04 12:04:00 FINEST solver.FastOptimizer|New Bound: 8936, h = 9165 time = 6
24/04 12:04:00 FINEST solver.FastOptimizer|New Bound: 8965, h = 9160 time = 6
24/04 12:04:00 FINEST solver.FastOptimizer|New Bound: 9022, h = 9216 time = 6
24/04 12:04:00 FINEST solver.FastOptimizer|New Bound: 9099, h = 9294 time = 7
24/04 12:04:00 FINE solver.FastOptimizer|
-------------------------------------------
Final score
-------------------------------------------
Client 1 stays 1 - 2 on good hotel            E2 day 1          score = 1202
Client 2 stays 3 - 5 on good hotel   E1 day 4          E3 day 3 score = 1242
Client 3 stays 3 - 4 on cheap hotel           E2 day 3          score = 1176
Client 4 stays 1 - 5 on cheap hotel           E2 day 4 E3 day 2 score = 1318
Client 5 stays 2 - 3 on good hotel                     E3 day 2 score = 1114
Client 6 stays 1 - 3 on cheap hotel           E2 day 2          score = 1192
Client 7 stays 3 - 4 on cheap hotel                             score = 1000
Client 8 stays 1 - 2 on good hotel            E2 day 1          score = 855
Total score = 9099
-------------------------------------------
Time: 89        	Allocs: 16229
Bnbs: 866141    	Bound: 9099
-------------------------------------------
24/04 12:04:00 FINEST solver.FastOptimizer|Best Util: 10230
24/04 12:04:00 FINEST solver.FastOptimizer|New Bound: 6912, h = 6912 time = 0
24/04 12:04:00 FINEST solver.FastOptimizer|New Bound: 7040, h = 7040 time = 0
24/04 12:04:00 FINEST solver.FastOptimizer|New Bound: 7120, h = 7120 time = 0
24/04 12:04:00 FINEST solver.FastOptimizer|New Bound: 7201, h = 7201 time = 0
24/04 12:04:00 FINEST solver.FastOptimizer|New Bound: 7281, h = 7281 time = 0
24/04 12:04:00 FINEST solver.FastOptimizer|New Bound: 7323, h = 7323 time = 1
24/04 12:04:00 FINEST solver.FastOptimizer|New Bound: 7382, h = 7382 time = 1
24/04 12:04:00 FINEST solver.FastOptimizer|New Bound: 7420, h = 7420 time = 1
24/04 12:04:00 FINEST solver.FastOptimizer|New Bound: 7424, h = 7424 time = 1
24/04 12:04:00 FINEST solver.FastOptimizer|New Bound: 7462, h = 7462 time = 1
24/04 12:04:00 FINEST solver.FastOptimizer|New Bound: 7540, h = 7540 time = 2
24/04 12:04:00 FINEST solver.FastOptimizer|New Bound: 7573, h = 7573 time = 2
24/04 12:04:00 FINEST solver.FastOptimizer|New Bound: 7701, h = 7701 time = 3
24/04 12:04:00 FINEST solver.FastOptimizer|New Bound: 7712, h = 7712 time = 3
24/04 12:04:00 FINEST solver.FastOptimizer|New Bound: 7802, h = 7802 time = 3
24/04 12:04:00 FINEST solver.FastOptimizer|New Bound: 7840, h = 7840 time = 3
24/04 12:04:00 FINEST solver.FastOptimizer|New Bound: 7851, h = 7851 time = 3
24/04 12:04:00 FINEST solver.FastOptimizer|New Bound: 7881, h = 7881 time = 4
24/04 12:04:00 FINEST solver.FastOptimizer|New Bound: 7892, h = 7892 time = 4
24/04 12:04:00 FINEST solver.FastOptimizer|New Bound: 7968, h = 7968 time = 5
24/04 12:04:00 FINEST solver.FastOptimizer|New Bound: 8001, h = 8001 time = 5
24/04 12:04:00 FINEST solver.FastOptimizer|New Bound: 8129, h = 8129 time = 5
24/04 12:04:00 FINEST solver.FastOptimizer|New Bound: 8171, h = 8171 time = 6
24/04 12:04:00 FINEST solver.FastOptimizer|New Bound: 8230, h = 8230 time = 6
24/04 12:04:00 FINEST solver.FastOptimizer|New Bound: 8268, h = 8268 time = 6
24/04 12:04:00 FINEST solver.FastOptimizer|New Bound: 8272, h = 8272 time = 6
24/04 12:04:00 FINEST solver.FastOptimizer|New Bound: 8310, h = 8310 time = 6
24/04 12:04:00 FINEST solver.FastOptimizer|New Bound: 8313, h = 8313 time = 6
24/04 12:04:00 FINEST solver.FastOptimizer|New Bound: 8351, h = 8351 time = 7
24/04 12:04:00 FINEST solver.FastOptimizer|New Bound: 8412, h = 8412 time = 7
24/04 12:04:00 FINEST solver.FastOptimizer|New Bound: 8540, h = 8540 time = 7
24/04 12:04:00 FINEST solver.FastOptimizer|New Bound: 8573, h = 8573 time = 7
24/04 12:04:00 FINEST solver.FastOptimizer|New Bound: 8701, h = 8701 time = 7
24/04 12:04:00 FINEST solver.FastOptimizer|New Bound: 8743, h = 8743 time = 7
24/04 12:04:00 FINEST solver.FastOptimizer|New Bound: 8802, h = 8802 time = 8
24/04 12:04:00 FINEST solver.FastOptimizer|New Bound: 8840, h = 8840 time = 8
24/04 12:04:00 FINEST solver.FastOptimizer|New Bound: 8844, h = 8844 time = 8
24/04 12:04:00 FINEST solver.FastOptimizer|New Bound: 8882, h = 8882 time = 8
24/04 12:04:00 FINEST solver.FastOptimizer|New Bound: 8897, h = 8897 time = 8
24/04 12:04:00 FINEST solver.FastOptimizer|New Bound: 8929, h = 8929 time = 9
24/04 12:04:00 FINEST solver.FastOptimizer|New Bound: 8940, h = 8940 time = 9
24/04 12:04:00 FINEST solver.FastOptimizer|New Bound: 9029, h = 9029 time = 9
24/04 12:04:00 FINEST solver.FastOptimizer|New Bound: 9071, h = 9071 time = 10
24/04 12:04:00 FINEST solver.FastOptimizer|New Bound: 9130, h = 9130 time = 10
24/04 12:04:00 FINEST solver.FastOptimizer|New Bound: 9168, h = 9168 time = 10
24/04 12:04:00 FINEST solver.FastOptimizer|New Bound: 9172, h = 9172 time = 10
24/04 12:04:00 FINEST solver.FastOptimizer|New Bound: 9210, h = 9210 time = 10
24/04 12:04:00 FINEST solver.FastOptimizer|New Bound: 9213, h = 9213 time = 10
24/04 12:04:00 FINEST solver.FastOptimizer|New Bound: 9251, h = 9251 time = 10
24/04 12:04:00 FINEST solver.FastOptimizer|New Bound: 9257, h = 9257 time = 11
24/04 12:04:00 FINEST solver.FastOptimizer|New Bound: 9337, h = 9337 time = 11
24/04 12:04:00 FINEST solver.FastOptimizer|New Bound: 9346, h = 9346 time = 11
24/04 12:04:00 FINEST solver.FastOptimizer|New Bound: 9347, h = 9347 time = 12
24/04 12:04:00 FINEST solver.FastOptimizer|New Bound: 9350, h = 9350 time = 12
24/04 12:04:00 FINEST solver.FastOptimizer|New Bound: 9388, h = 9388 time = 12
24/04 12:04:00 FINEST solver.FastOptimizer|New Bound: 9394, h = 9394 time = 12
24/04 12:04:00 FINEST solver.FastOptimizer|New Bound: 9448, h = 9448 time = 13
24/04 12:04:00 FINEST solver.FastOptimizer|New Bound: 9528, h = 9528 time = 13
24/04 12:04:00 FINEST solver.FastOptimizer|New Bound: 9560, h = 9560 time = 15
24/04 12:04:00 FINEST solver.FastOptimizer|New Bound: 9640, h = 9640 time = 15
24/04 12:04:00 FINE solver.FastOptimizer|
-------------------------------------------
Final score
-------------------------------------------
Client 1 stays 2 - 3 on good hotel   E1 day 2                   score = 1078
Client 2 stays 2 - 5 on cheap hotel  E1 day 3                   score = 1116
Client 3 stays 3 - 5 on good hotel                     E3 day 4 score = 1289
Client 4 stays 3 - 5 on good hotel            E2 day 3          score = 1333
Client 5 stays 2 - 3 on good hotel   E1 day 2                   score = 1121
Client 6 stays 1 - 4 on cheap hotel  E1 day 3 E2 day 2          score = 1269
Client 7 stays 1 - 2 on good hotel                              score = 1112
Client 8 stays 3 - 5 on cheap hotel  E1 day 3 E2 day 4          score = 1322
Total score = 9640
-------------------------------------------
Time: 15        	Allocs: 776
Bnbs: 66930    	Bound: 9640
-------------------------------------------
24/04 12:04:00 FINEST solver.FastOptimizer|Best Util: 10425
24/04 12:04:00 FINEST solver.FastOptimizer|New Bound: 8270, h = 8437 time = 0
24/04 12:04:00 FINEST solver.FastOptimizer|New Bound: 8271, h = 8463 time = 0
24/04 12:04:00 FINEST solver.FastOptimizer|New Bound: 8304, h = 8471 time = 1
24/04 12:04:00 FINEST solver.FastOptimizer|New Bound: 8325, h = 8492 time = 1
24/04 12:04:00 FINEST solver.FastOptimizer|New Bound: 8349, h = 8516 time = 1
24/04 12:04:00 FINEST solver.FastOptimizer|New Bound: 8350, h = 8542 time = 1
24/04 12:04:00 FINEST solver.FastOptimizer|New Bound: 8383, h = 8550 time = 2
24/04 12:04:00 FINEST solver.FastOptimizer|New Bound: 8404, h = 8571 time = 2
24/04 12:04:00 FINEST solver.FastOptimizer|New Bound: 8435, h = 8602 time = 3
24/04 12:04:00 FINEST solver.FastOptimizer|New Bound: 8436, h = 8628 time = 4
24/04 12:04:00 FINEST solver.FastOptimizer|New Bound: 8453, h = 8620 time = 4
24/04 12:04:00 FINEST solver.FastOptimizer|New Bound: 8454, h = 8646 time = 4
24/04 12:04:00 FINEST solver.FastOptimizer|New Bound: 8469, h = 8636 time = 4
24/04 12:04:00 FINEST solver.FastOptimizer|New Bound: 8490, h = 8657 time = 5
24/04 12:04:00 FINEST solver.FastOptimizer|New Bound: 8508, h = 8675 time = 5
24/04 12:04:00 FINEST solver.FastOptimizer|New Bound: 8514, h = 8681 time = 5
24/04 12:04:00 FINEST solver.FastOptimizer|New Bound: 8515, h = 8707 time = 5
24/04 12:04:00 FINEST solver.FastOptimizer|New Bound: 8532, h = 8699 time = 6
24/04 12:04:00 FINEST solver.FastOptimizer|New Bound: 8533, h = 8725 time = 6
24/04 12:04:00 FINEST solver.FastOptimizer|New Bound: 8548, h = 8715 time = 6
24/04 12:04:00 FINEST solver.FastOptimizer|New Bound: 8569, h = 8736 time = 6
24/04 12:04:00 FINEST solver.FastOptimizer|New Bound: 8587, h = 8754 time = 7
24/04 12:04:00 FINEST solver.FastOptimizer|New Bound: 8619, h = 8786 time = 8
24/04 12:04:00 FINEST solver.FastOptimizer|New Bound: 8620, h = 8812 time = 8
24/04 12:04:00 FINEST solver.FastOptimizer|New Bound: 8653, h = 8820 time = 8
24/04 12:04:00 FINEST solver.FastOptimizer|New Bound: 8654, h = 8846 time = 8
24/04 12:04:00 FINEST solver.FastOptimizer|New Bound: 8692, h = 8859 time = 11
24/04 12:04:00 FINEST solver.FastOptimizer|New Bound: 8697, h = 8864 time = 11
24/04 12:04:00 FINEST solver.FastOptimizer|New Bound: 8726, h = 8893 time = 11
24/04 12:04:00 FINEST solver.FastOptimizer|New Bound: 8731, h = 8898 time = 11
24/04 12:04:00 FINEST solver.FastOptimizer|New Bound: 8732, h = 8899 time = 14
24/04 12:04:00 FINEST solver.FastOptimizer|New Bound: 8771, h = 8938 time = 15
24/04 12:04:00 FINEST solver.FastOptimizer|New Bound: 8805, h = 8972 time = 15
24/04 12:04:00 FINEST solver.FastOptimizer|New Bound: 8853, h = 9020 time = 20
24/04 12:04:00 FINE solver.FastOptimizer|
-------------------------------------------
Final score
-------------------------------------------
Client 1 stays 2 - 4 on cheap hotel  E1 day 2          E3 day 3 score = 1242
Client 2 stays 2 - 3 on good hotel                              score = 921
Client 3 stays 3 - 5 on cheap hotel  E1 day 4                   score = 1007
Client 4 stays 2 - 3 on good hotel   E1 day 2                   score = 1091
Client 5 stays 2 - 5 on cheap hotel  E1 day 2 E2 day 4 E3 day 3 score = 1336
Client 6 stays 2 - 3 on good hotel   E1 day 2                   score = 1162
Client 7 stays 2 - 3 on cheap hotel                             score = 800
Client 8 stays 4 - 5 on good hotel                     E3 day 4 score = 1294
Total score = 8853
-------------------------------------------
Time: 27        	Allocs: 18139
Bnbs: 168388    	Bound: 8853
-------------------------------------------
24/04 12:04:00 FINE is.InfoServer|game 2 is finished
24/04 12:04:00 FINE is.GameArchiver|Reading game 2 from applet2.log copying to /Users/Cristina/Documents/Uni/IV/sem II/COMP6006/COMP6006KMC/tacserver/public_html/history/2/applet.log.gz
24/04 12:04:00 FINEST log.GameResultCreator|generating game 2 in path /Users/Cristina/Documents/Uni/IV/sem II/COMP6006/COMP6006KMC/tacserver/public_html/history/2
24/04 12:04:00 FINEST log.GameResultCreator|adding game 2 to gametable-1.html
24/04 12:04:00 SEVERE is.GameArchiver|Trying to write game 2 se.sics.tac.log.TACGameInfo@46c837cd
24/04 12:04:00 SEVERE is.GameArchiver|Competition null
24/04 12:04:02 FINE is.InfoServer|new coming game 3 (gameid=3,tacClassic)
24/04 12:05:03 WARNING line.LineConnection|tac-1: 127.0.0.1 closed connection
24/04 12:05:03 FINEST line.LineConnection|tac-1: connection closed from 127.0.0.1
