07/03 13:17:43 INFO server.LineServer|info server started at *:4039
07/03 13:17:43 INFO server.TACServer|waiting for Info Server to start...
07/03 13:22:30 FINE server.LineServer|new info connection: info-1
07/03 13:22:30 INFO server.InfoServer|new Java Info server connection
07/03 13:22:30 INFO server.TACServer|tac server started at *:6500
07/03 13:27:47 WARNING line.LineConnection|info-1: 127.0.0.1 closed connection
07/03 13:27:47 FINE server.LineServer|info connection info-1 has closed
07/03 13:27:47 WARNING server.InfoServer|info connection info closed
07/03 13:27:47 FINEST line.LineConnection|info-1: connection closed from 127.0.0.1
07/03 13:27:56 FINE server.LineServer|new info connection: info-2
07/03 13:27:56 INFO server.InfoServer|new Java Info server connection
07/03 13:36:24 FINE server.TACServer|new agent: tac-1
07/03 13:36:24 FINEST server.TACConnection|XML_IN(tac-1): <auth><userName>FlowerPower</userName><userPW>happy24</userPW></auth>
07/03 13:36:24 FINEST server.TACConnection|XML_OUT(FlowerPower@tac-1): <auth><userID>0</userID><commandStatus>0</commandStatus></auth>
07/03 13:36:24 FINEST server.TACConnection|XML_IN(FlowerPower@tac-1): <serverTime></serverTime>
07/03 13:36:24 FINEST server.TACConnection|XML_OUT(FlowerPower@tac-1): <serverTime><time>1362663384</time><commandStatus>0</commandStatus></serverTime>
07/03 13:36:24 FINEST server.TACConnection|XML_IN(FlowerPower@tac-1): <nextGame></nextGame>
07/03 13:36:24 FINEST server.TACConnection|XML_OUT(FlowerPower@tac-1): <nextGame><gameID>1</gameID><startTime>1362663480</startTime><gameType>0</gameType><commandStatus>0</commandStatus></nextGame>
07/03 13:36:24 FINEST server.TACConnection|XML_IN(FlowerPower@tac-1): <quit></quit>
07/03 13:36:24 FINEST server.TACConnection|XML_OUT(FlowerPower@tac-1): <quit><commandStatus>0</commandStatus></quit>
07/03 13:36:24 FINEST inet.InetConnection|FlowerPower@tac-1: connection closed from 127.0.0.1
07/03 13:38:00 FINE server.InfoManager|Entering log for game 1
************************************************************
* Entering log for game 1
************************************************************


