1362663480,g,1,1362663480,1362664020,1,tacClassic,8
1362663480,v,1.0 beta 11,dhcp-152-78-95-174.ecs.soton.ac.uk
1362663480,a,FlowerPower,0
1362663480,a,Dummy-1,-1
1362663480,a,Dummy-2,-2
1362663480,a,Dummy-3,-3
1362663480,a,Dummy-4,-4
1362663480,a,Dummy-5,-5
1362663480,a,Dummy-6,-6
1362663480,a,Dummy-7,-7
1362663480,c,1,0,4,5,136,174,83,191,3,5,145,152,31,73,4,5,144,59,178,67,2,3,146,163,187,200,2,3,79,78,129,173,1,4,85,111,17,147,2,5,145,31,41,90,2,4,134,199,166,9
1362663480,c,1,-1,4,5,98,122,174,176,1,5,133,83,153,176,4,5,87,188,43,108,2,4,111,45,122,6,1,2,77,61,163,72,1,3,130,5,147,45,2,4,73,187,156,161,1,2,110,182,161,12
1362663480,c,1,-2,2,5,126,38,115,92,1,5,51,51,38,2,1,3,147,92,84,169,1,4,147,30,122,118,3,5,132,96,53,9,2,4,68,115,63,78,1,5,84,194,189,178,3,4,148,186,47,66
1362663480,c,1,-3,4,5,142,166,96,173,1,5,128,81,9,181,1,5,97,146,185,164,3,5,129,170,26,144,1,3,68,192,69,147,1,2,55,148,9,106,1,2,131,74,198,15,1,4,73,61,12,102
1362663480,c,1,-4,2,4,149,100,153,38,1,2,123,14,185,175,2,4,58,183,14,62,1,4,99,12,120,21,1,4,133,1,191,113,1,2,77,98,169,28,3,4,102,63,144,182,1,3,142,181,75,122
1362663480,c,1,-5,1,3,138,78,37,34,2,5,97,117,143,18,2,5,75,197,199,70,1,2,103,72,32,158,1,2,75,147,102,160,1,4,51,144,0,153,1,5,146,13,83,57,1,4,83,93,73,145
1362663480,c,1,-6,1,3,131,166,86,18,3,4,66,151,94,11,2,4,150,150,0,50,2,4,136,20,186,170,2,5,115,120,183,174,3,5,124,52,200,155,2,4,80,142,135,24,3,4,93,171,184,81
1362663480,c,1,-7,2,5,148,73,166,46,1,4,60,43,171,83,1,2,125,106,191,143,2,4,142,77,113,171,2,5,70,185,146,62,1,5,68,6,143,45,2,4,100,122,117,71,1,3,73,115,47,101
1362663480,u,1,0,1
1362663480,u,2,0,2
1362663480,u,3,0,3
1362663480,u,4,0,4
1362663480,u,5,1,2
1362663480,u,6,1,3
1362663480,u,7,1,4
1362663480,u,8,1,5
1362663480,u,9,2,1
1362663480,u,10,2,2
1362663480,u,11,2,3
1362663480,u,12,2,4
1362663480,u,13,3,1
1362663480,u,14,3,2
1362663480,u,15,3,3
1362663480,u,16,3,4
1362663480,u,17,4,1
1362663480,u,18,4,2
1362663480,u,19,4,3
1362663480,u,20,4,4
1362663480,u,21,5,1
1362663480,u,22,5,2
1362663480,u,23,5,3
1362663480,u,24,5,4
1362663480,u,25,6,1
1362663480,u,26,6,2
1362663480,u,27,6,3
1362663480,u,28,6,4
1362663480,t,0,auction,20,2,0.0000,1
1362663480,t,0,auction,23,4,0.0000,2
1362663480,t,0,auction,25,4,0.0000,3
1362663480,t,0,auction,26,2,0.0000,4
1362663480,t,-1,auction,17,2,0.0000,5
1362663480,t,-1,auction,22,4,0.0000,6
1362663480,t,-1,auction,24,4,0.0000,7
1362663480,t,-1,auction,26,2,0.0000,8
1362663480,t,-2,auction,19,2,0.0000,9
1362663480,t,-2,auction,21,4,0.0000,10
1362663480,t,-2,auction,27,4,0.0000,11
1362663480,t,-2,auction,28,2,0.0000,12
1362663480,t,-3,auction,23,2,0.0000,13
1362663480,t,-3,auction,24,4,0.0000,14
1362663480,t,-3,auction,27,4,0.0000,15
1362663480,t,-3,auction,28,2,0.0000,16
1362663480,t,-4,auction,19,2,0.0000,17
1362663480,t,-4,auction,20,4,0.0000,18
1362663480,t,-4,auction,25,2,0.0000,19
1362663480,t,-4,auction,26,4,0.0000,20
1362663480,t,-5,auction,18,4,0.0000,21
1362663480,t,-5,auction,20,2,0.0000,22
1362663480,t,-5,auction,22,2,0.0000,23
1362663480,t,-5,auction,28,4,0.0000,24
1362663480,t,-6,auction,17,2,0.0000,25
1362663480,t,-6,auction,18,4,0.0000,26
1362663480,t,-6,auction,21,4,0.0000,27
1362663480,t,-6,auction,23,2,0.0000,28
1362663480,t,-7,auction,17,4,0.0000,29
1362663480,t,-7,auction,19,4,0.0000,30
1362663480,t,-7,auction,22,2,0.0000,31
1362663480,t,-7,auction,25,2,0.0000,32
1362663480,q,1,311.0000,0.0000
1362663480,q,2,356.0000,0.0000
1362663480,q,3,355.0000,0.0000
1362663480,q,4,264.0000,0.0000
1362663480,q,5,361.0000,0.0000
1362663480,q,6,344.0000,0.0000
1362663480,q,7,333.0000,0.0000
1362663480,q,8,299.0000,0.0000
1362663480,b,1,-1,1,s,2,5,1000.0000
1362663480,t,-1,auction,1,5,311.0000,33
1362663480,b,1,-1,1,t,4
1362663480,b,2,-1,3,s,2,1,1000.0000
1362663480,t,-1,auction,3,1,355.0000,34
1362663480,b,2,-1,3,t,4
1362663480,b,3,-1,4,s,2,2,1000.0000
1362663480,t,-1,auction,4,2,264.0000,35
1362663480,b,3,-1,4,t,4
1362663480,b,4,-1,5,s,2,2,1000.0000
1362663480,t,-1,auction,5,2,361.0000,36
1362663480,b,4,-1,5,t,4
1362663480,b,5,-1,6,s,2,1,1000.0000
1362663480,t,-1,auction,6,1,344.0000,37
1362663480,b,5,-1,6,t,4
1362663480,b,6,-1,7,s,2,2,1000.0000
1362663480,t,-1,auction,7,2,333.0000,38
1362663480,b,6,-1,7,t,4
1362663480,b,7,-1,8,s,2,3,1000.0000
1362663480,t,-1,auction,8,3,299.0000,39
1362663480,b,7,-1,8,t,4
1362663480,b,8,-1,9,s,2,1,43.0000
1362663480,b,9,-1,10,s,2,1,93.0000
1362663480,b,10,-1,11,s,2,1,113.0000
1362663480,b,11,-1,12,s,2,1,81.0000
1362663480,b,12,-1,13,s,2,4,112.0000
1362663480,b,13,-1,14,s,2,2,160.0000
1362663480,b,14,-1,15,s,2,2,155.0000
1362663480,b,15,-1,16,s,2,2,119.0000
1362663480,b,16,-1,20,s,2,2,50.0056
1362663480,q,20,0.0000,50.0056
1362663480,b,17,-1,22,s,2,-1,111.4814
1362663480,q,22,111.4814,0.0000
1362663480,b,18,-1,24,s,2,-4,175.8298
1362663480,q,24,175.8298,0.0000
1362663480,b,19,-1,26,s,2,-2,101.3167
1362663480,q,26,101.3167,0.0000
1362663480,b,20,-1,27,s,2,2,50.0108
1362663480,q,27,0.0000,50.0108
1362663480,b,21,-2,1,s,2,3,1000.0000
1362663480,t,-2,auction,1,3,311.0000,40
1362663480,b,21,-2,1,t,4
1362663480,b,22,-2,2,s,2,1,1000.0000
1362663480,t,-2,auction,2,1,356.0000,41
1362663480,b,22,-2,2,t,4
1362663480,b,23,-2,3,s,2,1,1000.0000
1362663480,t,-2,auction,3,1,355.0000,42
1362663480,b,23,-2,3,t,4
1362663480,b,24,-2,4,s,2,3,1000.0000
1362663480,t,-2,auction,4,3,264.0000,43
1362663480,b,24,-2,4,t,4
1362663480,b,25,-2,6,s,2,2,1000.0000
1362663480,t,-2,auction,6,2,344.0000,44
1362663480,b,25,-2,6,t,4
1362663480,b,26,-2,7,s,2,2,1000.0000
1362663480,t,-2,auction,7,2,333.0000,45
1362663480,b,26,-2,7,t,4
1362663480,b,27,-2,8,s,2,4,1000.0000
1362663480,t,-2,auction,8,4,299.0000,46
1362663480,b,27,-2,8,t,4
1362663480,b,28,-2,9,s,2,1,50.0000
1362663480,b,29,-2,10,s,2,1,91.0000
1362663480,b,30,-2,11,s,2,1,102.0000
1362663480,b,31,-2,12,s,2,1,65.0000
1362663480,b,32,-2,13,s,2,2,93.0000
1362663480,b,33,-2,14,s,2,3,206.0000
1362663480,b,34,-2,15,s,2,2,181.0000
1362663480,b,35,-2,16,s,2,3,138.0000
1362663480,b,36,-2,17,s,2,1,50.0122
1362663480,q,17,0.0000,50.0122
1362663480,b,37,-2,18,s,2,1,50.0078
1362663480,q,18,0.0000,50.0078
1362663480,b,38,-2,19,s,2,-1,198.9772
1362663480,q,19,198.9772,0.0000
1362663480,b,39,-2,21,s,2,-4,151.3765
1362663480,q,21,151.3765,0.0000
1362663480,b,40,-2,22,s,2,2,50.0119
1362663480,q,22,111.4814,50.0119
1362663480,b,41,-2,27,s,2,-3,123.6168
1362663480,q,27,123.6168,50.0108
1362663480,b,42,-2,28,s,2,-2,173.7590
1362663480,q,28,173.7590,0.0000
1362663480,b,43,-3,1,s,2,5,1000.0000
1362663480,t,-3,auction,1,5,311.0000,47
1362663480,b,43,-3,1,t,4
1362663480,b,44,-3,3,s,2,1,1000.0000
1362663480,t,-3,auction,3,1,355.0000,48
1362663480,b,44,-3,3,t,4
1362663480,b,45,-3,4,s,2,2,1000.0000
1362663480,t,-3,auction,4,2,264.0000,49
1362663480,b,45,-3,4,t,4
1362663480,b,46,-3,5,s,2,2,1000.0000
1362663480,t,-3,auction,5,2,361.0000,50
1362663480,b,46,-3,5,t,4
1362663480,b,47,-3,6,s,2,2,1000.0000
1362663480,t,-3,auction,6,2,344.0000,51
1362663480,b,47,-3,6,t,4
1362663480,b,48,-3,8,s,2,4,1000.0000
1362663480,t,-3,auction,8,4,299.0000,52
1362663480,b,48,-3,8,t,4
1362663480,b,49,-3,9,s,2,1,49.0000
1362663480,b,50,-3,10,s,2,1,90.0000
1362663480,b,51,-3,11,s,2,1,100.0000
1362663480,b,52,-3,12,s,2,1,78.0000
1362663480,b,53,-3,13,s,2,4,139.0000
1362663480,b,54,-3,14,s,2,2,171.0000
1362663480,b,55,-3,15,s,2,1,150.0000
1362663480,b,56,-3,16,s,2,3,132.0000
1362663480,b,57,-3,17,s,2,3,50.0112
1362663480,b,58,-3,19,s,2,1,50.0089
1362663480,q,19,198.9772,50.0089
1362663480,b,59,-3,20,s,2,1,50.0135
1362663480,q,20,0.0000,50.0135
1362663480,b,60,-3,22,s,2,1,50.0138
1362663480,q,22,111.4814,50.0138
1362663480,b,61,-3,23,s,2,-2,137.8617
1362663480,q,23,137.8617,0.0000
1362663480,b,62,-3,24,s,2,-4,189.5932
1362663480,b,63,-3,27,s,2,-3,176.9698
1362663480,b,64,-3,28,s,2,-2,146.9801
1362663480,q,28,146.9801,0.0000
1362663480,b,65,-4,1,s,2,5,1000.0000
1362663480,t,-4,auction,1,5,311.0000,53
1362663480,b,65,-4,1,t,4
1362663480,b,66,-4,2,s,2,1,1000.0000
1362663480,t,-4,auction,2,1,356.0000,54
1362663480,b,66,-4,2,t,4
1362663480,b,67,-4,3,s,2,1,1000.0000
1362663480,t,-4,auction,3,1,355.0000,55
1362663480,b,67,-4,3,t,4
1362663480,b,68,-4,4,s,2,1,1000.0000
1362663480,t,-4,auction,4,1,264.0000,56
1362663480,b,68,-4,4,t,4
1362663480,b,69,-4,5,s,2,3,1000.0000
1362663480,t,-4,auction,5,3,361.0000,57
1362663480,b,69,-4,5,t,4
1362663480,b,70,-4,6,s,2,2,1000.0000
1362663480,t,-4,auction,6,2,344.0000,58
1362663480,b,70,-4,6,t,4
1362663480,b,71,-4,7,s,2,2,1000.0000
1362663480,t,-4,auction,7,2,333.0000,59
1362663480,b,71,-4,7,t,4
1362663480,b,72,-4,8,s,2,1,1000.0000
1362663480,t,-4,auction,8,1,299.0000,60
1362663480,b,72,-4,8,t,4
1362663480,b,73,-4,13,s,2,5,150.0000
1362663480,b,74,-4,14,s,2,3,217.0000
1362663480,b,75,-4,15,s,2,2,170.0000
1362663480,b,76,-4,16,s,2,1,94.0000
1362663480,b,77,-4,17,s,2,1,50.0058
1362663480,b,78,-4,19,s,2,-2,173.9399
1362663480,q,19,173.9399,50.0089
1362663480,b,79,-4,20,s,2,-3,181.6908
1362663480,q,20,181.6908,50.0135
1362663480,b,80,-4,22,s,2,1,50.0075
1362663480,b,81,-4,23,s,2,1,50.0152
1362663480,q,23,137.8617,50.0152
1362663480,b,82,-4,25,s,2,-2,103.4655
1362663480,q,25,103.4655,0.0000
1362663480,b,83,-4,26,s,2,-4,187.2511
1362663480,b,84,-5,1,s,2,5,1000.0000
1362663480,t,-5,auction,1,5,311.0000,61
1362663480,b,84,-5,1,t,4
1362663480,b,85,-5,3,s,2,1,1000.0000
1362663480,t,-5,auction,3,1,355.0000,62
1362663480,b,85,-5,3,t,4
1362663480,b,86,-5,4,s,2,2,1000.0000
1362663480,t,-5,auction,4,2,264.0000,63
1362663480,b,86,-5,4,t,4
1362663480,b,87,-5,5,s,2,2,1000.0000
1362663480,t,-5,auction,5,2,361.0000,64
1362663480,b,87,-5,5,t,4
1362663480,b,88,-5,6,s,2,1,1000.0000
1362663480,t,-5,auction,6,1,344.0000,65
1362663480,b,88,-5,6,t,4
1362663480,b,89,-5,7,s,2,2,1000.0000
1362663480,t,-5,auction,7,2,333.0000,66
1362663480,b,89,-5,7,t,4
1362663480,b,90,-5,8,s,2,3,1000.0000
1362663480,t,-5,auction,8,3,299.0000,67
1362663480,b,90,-5,8,t,4
1362663480,b,91,-5,13,s,2,5,148.0000
1362663480,b,92,-5,14,s,2,3,246.0000
1362663480,b,93,-5,15,s,2,3,232.0000
1362663480,b,94,-5,16,s,2,3,152.0000
1362663480,b,95,-5,17,s,2,2,50.0176
1362663480,q,17,0.0000,50.0176
1362663480,b,96,-5,18,s,2,-4,173.5119
1362663480,q,18,173.5119,50.0078
1362663480,b,97,-5,19,s,2,1,50.0136
1362663480,q,19,173.9399,50.0136
1362663480,b,98,-5,20,s,2,-1,150.7932
1362663480,q,20,150.7932,50.0135
1362663480,b,99,-5,22,s,2,-1,141.6202
1362663480,b,100,-5,24,s,2,1,50.0079
1362663480,q,24,175.8298,50.0079
1362663480,b,101,-5,27,s,2,2,50.0065
1362663480,b,102,-5,28,s,2,-4,184.5720
1362663480,b,103,-6,1,s,2,1,1000.0000
1362663480,t,-6,auction,1,1,311.0000,68
1362663480,b,103,-6,1,t,4
1362663480,b,104,-6,2,s,2,3,1000.0000
1362663480,t,-6,auction,2,3,356.0000,69
1362663480,b,104,-6,2,t,4
1362663480,b,105,-6,3,s,2,2,1000.0000
1362663480,t,-6,auction,3,2,355.0000,70
1362663480,b,105,-6,3,t,4
1362663480,b,106,-6,4,s,2,2,1000.0000
1362663480,t,-6,auction,4,2,264.0000,71
1362663480,b,106,-6,4,t,4
1362663480,b,107,-6,6,s,2,2,1000.0000
1362663480,t,-6,auction,6,2,344.0000,72
1362663480,b,107,-6,6,t,4
1362663480,b,108,-6,7,s,2,3,1000.0000
1362663480,t,-6,auction,7,3,333.0000,73
1362663480,b,108,-6,7,t,4
1362663480,b,109,-6,8,s,2,3,1000.0000
1362663480,t,-6,auction,8,3,299.0000,74
1362663480,b,109,-6,8,t,4
1362663480,b,110,-6,10,s,2,1,94.0000
1362663480,b,111,-6,11,s,2,1,100.0000
1362663480,b,112,-6,13,s,2,1,101.0000
1362663480,b,113,-6,14,s,2,3,232.0000
1362663480,b,114,-6,15,s,2,3,210.0000
1362663480,b,115,-6,16,s,2,3,160.0000
1362663480,b,116,-6,17,s,2,-1,124.1846
1362663480,q,17,124.1846,50.0176
1362663480,b,117,-6,18,s,2,-2,112.2704
1362663480,q,18,112.2704,50.0078
1362663480,b,118,-6,19,s,2,2,50.0148
1362663480,q,19,173.9399,50.0148
1362663480,b,119,-6,20,s,2,1,50.0208
1362663480,q,20,150.7932,50.0208
1362663480,b,120,-6,21,s,2,-4,165.5916
1362663480,b,121,-6,24,s,2,1,50.0144
1362663480,q,24,175.8298,50.0144
1362663480,b,122,-7,1,s,2,3,1000.0000
1362663480,t,-7,auction,1,3,311.0000,75
1362663480,b,122,-7,1,t,4
1362663480,b,123,-7,2,s,2,1,1000.0000
1362663480,t,-7,auction,2,1,356.0000,76
1362663480,b,123,-7,2,t,4
1362663480,b,124,-7,4,s,2,4,1000.0000
1362663480,t,-7,auction,4,4,264.0000,77
1362663480,b,124,-7,4,t,4
1362663480,b,125,-7,5,s,2,2,1000.0000
1362663480,t,-7,auction,5,2,361.0000,78
1362663480,b,125,-7,5,t,4
1362663480,b,126,-7,6,s,2,1,1000.0000
1362663480,t,-7,auction,6,1,344.0000,79
1362663480,b,126,-7,6,t,4
1362663480,b,127,-7,7,s,2,1,1000.0000
1362663480,t,-7,auction,7,1,333.0000,80
1362663480,b,127,-7,7,t,4
1362663480,b,128,-7,8,s,2,4,1000.0000
1362663480,t,-7,auction,8,4,299.0000,81
1362663480,b,128,-7,8,t,4
1362663480,b,129,-7,13,s,2,3,103.0000
1362663480,b,130,-7,14,s,2,2,180.0000
1362663480,b,131,-7,15,s,2,1,148.0000
1362663480,b,132,-7,16,s,2,4,177.0000
1362663480,b,133,-7,17,s,2,-2,159.1807
1362663480,b,134,-7,18,s,2,1,50.0169
1362663480,q,18,112.2704,50.0169
1362663480,b,135,-7,19,s,2,-4,106.6966
1362663480,q,19,106.6966,50.0148
1362663480,b,136,-7,20,s,2,1,50.0128
1362663480,b,137,-7,22,s,2,-2,110.7567
1362663480,q,22,110.7567,50.0138
1362663480,b,138,-7,23,s,2,1,50.0114
1362663480,b,139,-7,25,s,2,-2,185.8538
1362663480,b,16,-1,20,r,5,2,50.0056
1362663480,b,140,-1,20,s,2,2,50.0234
1362663480,q,20,150.7932,50.0234
1362663480,b,59,-3,20,r,5,1,50.0135
1362663480,b,141,-3,20,s,2,1,50.0096
1362663480,b,79,-4,20,r,5,-3,181.6908
1362663480,b,142,-4,20,s,2,-3,165.5475
1362663480,b,98,-5,20,r,5,-1,150.7932
1362663480,b,143,-5,20,s,2,-1,118.3307
1362663480,q,20,118.3307,50.0234
1362663480,b,119,-6,20,r,5,1,50.0208
1362663480,b,144,-6,20,s,2,1,50.0128
1362663480,b,136,-7,20,r,5,1,50.0128
1362663480,b,145,-7,20,s,2,1,50.0133
1362663480,b,17,-1,22,r,5,-1,111.4814
1362663480,b,146,-1,22,s,2,-1,131.4020
1362663480,b,40,-2,22,r,5,2,50.0119
1362663480,b,147,-2,22,s,2,2,50.0158
1362663480,q,22,110.7567,50.0158
1362663480,b,60,-3,22,r,5,1,50.0138
1362663480,b,148,-3,22,s,2,1,50.0130
1362663480,b,80,-4,22,r,5,1,50.0075
1362663480,b,149,-4,22,s,2,1,50.0219
1362663480,q,22,110.7567,50.0219
1362663480,b,99,-5,22,r,5,-1,141.6202
1362663480,b,150,-5,22,s,2,-1,182.1899
1362663480,b,137,-7,22,r,5,-2,110.7567
1362663480,b,151,-7,22,s,2,-2,161.9262
1362663480,q,22,131.4020,50.0219
1362663480,b,18,-1,24,r,5,-4,175.8298
1362663480,b,152,-1,24,s,2,-4,108.6432
1362663480,q,24,108.6432,50.0144
1362663480,b,62,-3,24,r,5,-4,189.5932
1362663480,b,153,-3,24,s,2,-4,194.2478
1362663480,b,100,-5,24,r,5,1,50.0079
1362663480,b,154,-5,24,s,2,1,50.0098
1362663480,b,121,-6,24,r,5,1,50.0144
1362663480,b,155,-6,24,s,2,1,50.0165
1362663480,q,24,108.6432,50.0165
1362663480,b,19,-1,26,r,5,-2,101.3167
1362663480,b,156,-1,26,s,2,-2,193.1716
1362663480,q,26,187.2511,0.0000
1362663480,b,83,-4,26,r,5,-4,187.2511
1362663480,b,157,-4,26,s,2,-4,130.5401
1362663480,q,26,130.5401,0.0000
1362663480,b,20,-1,27,r,5,2,50.0108
1362663480,b,158,-1,27,s,2,2,50.0192
1362663480,q,27,123.6168,50.0192
1362663480,b,41,-2,27,r,5,-3,123.6168
1362663480,b,159,-2,27,s,2,-3,149.5095
1362663480,q,27,149.5095,50.0192
1362663480,b,63,-3,27,r,5,-3,176.9698
1362663480,b,160,-3,27,s,2,-3,177.2278
1362663480,b,101,-5,27,r,5,2,50.0065
1362663480,b,161,-5,27,s,2,2,50.0242
1362663480,q,27,149.5095,50.0242
1362663480,b,36,-2,17,r,5,1,50.0122
1362663480,b,162,-2,17,s,2,1,50.0243
1362663480,q,17,124.1846,50.0243
1362663480,b,57,-3,17,r,5,3,50.0112
1362663480,b,163,-3,17,s,2,3,50.0175
1362663480,b,77,-4,17,r,5,1,50.0058
1362663480,b,164,-4,17,s,2,1,50.0198
1362663480,b,95,-5,17,r,5,2,50.0176
1362663480,b,165,-5,17,s,2,2,50.0178
1362663480,b,116,-6,17,r,5,-1,124.1846
1362663480,b,166,-6,17,s,2,-1,108.4221
1362663480,q,17,108.4221,50.0243
1362663480,b,133,-7,17,r,5,-2,159.1807
1362663480,b,167,-7,17,s,2,-2,132.7119
1362663480,b,37,-2,18,r,5,1,50.0078
1362663480,b,168,-2,18,s,2,1,50.0183
1362663480,q,18,112.2704,50.0183
1362663480,b,96,-5,18,r,5,-4,173.5119
1362663480,b,169,-5,18,s,2,-4,134.7273
1362663480,b,117,-6,18,r,5,-2,112.2704
1362663480,b,170,-6,18,s,2,-2,138.2921
1362663480,q,18,134.7273,50.0183
1362663480,b,134,-7,18,r,5,1,50.0169
1362663480,b,171,-7,18,s,2,1,50.0230
1362663480,q,18,134.7273,50.0230
1362663480,b,38,-2,19,r,5,-1,198.9772
1362663480,b,172,-2,19,s,2,-1,161.5914
1362663480,b,58,-3,19,r,5,1,50.0089
1362663480,b,173,-3,19,s,2,1,50.0098
1362663480,b,78,-4,19,r,5,-2,173.9399
1362663480,b,174,-4,19,s,2,-2,178.2313
1362663480,b,97,-5,19,r,5,1,50.0136
1362663480,b,175,-5,19,s,2,1,50.0216
1362663480,q,19,106.6966,50.0216
1362663480,b,118,-6,19,r,5,2,50.0148
1362663480,b,176,-6,19,s,2,2,50.0252
1362663480,q,19,106.6966,50.0252
1362663480,b,135,-7,19,r,5,-4,106.6966
1362663480,b,177,-7,19,s,2,-4,172.4320
1362663480,q,19,161.5914,50.0252
1362663480,b,39,-2,21,r,5,-4,151.3765
1362663480,b,178,-2,21,s,2,-4,170.6028
1362663480,q,21,165.5916,0.0000
1362663480,b,120,-6,21,r,5,-4,165.5916
1362663480,b,179,-6,21,s,2,-4,146.5910
1362663480,q,21,146.5910,0.0000
1362663480,b,42,-2,28,r,5,-2,173.7590
1362663480,b,180,-2,28,s,2,-2,150.3205
1362663480,b,64,-3,28,r,5,-2,146.9801
1362663480,b,181,-3,28,s,2,-2,127.5381
1362663480,q,28,127.5381,0.0000
1362663480,b,102,-5,28,r,5,-4,184.5720
1362663480,b,182,-5,28,s,2,-4,104.0427
1362663480,q,28,104.0427,0.0000
1362663480,b,61,-3,23,r,5,-2,137.8617
1362663480,b,183,-3,23,s,2,-2,161.5486
1362663480,q,23,161.5486,50.0152
1362663480,b,81,-4,23,r,5,1,50.0152
1362663480,b,184,-4,23,s,2,1,50.0261
1362663480,q,23,161.5486,50.0261
1362663480,b,138,-7,23,r,5,1,50.0114
1362663480,b,185,-7,23,s,2,1,50.0188
1362663480,b,82,-4,25,r,5,-2,103.4655
1362663480,b,186,-4,25,s,2,-2,103.1531
1362663480,q,25,103.1531,0.0000
1362663480,b,139,-7,25,r,5,-2,185.8538
1362663480,b,187,-7,25,s,2,-2,192.1820
1362663481,b,188,0,1,s,2,1,1000.0000
1362663481,t,0,auction,1,1,311.0000,82
1362663481,b,188,0,1,t,4
1362663481,b,189,0,2,s,2,4,1000.0000
1362663481,t,0,auction,2,4,356.0000,83
1362663481,b,189,0,2,t,4
1362663481,b,190,0,3,s,2,1,1000.0000
1362663481,t,0,auction,3,1,355.0000,84
1362663481,b,190,0,3,t,4
1362663481,b,191,0,4,s,2,2,1000.0000
1362663481,t,0,auction,4,2,264.0000,85
1362663481,b,191,0,4,t,4
1362663481,b,192,0,6,s,2,2,1000.0000
1362663481,t,0,auction,6,2,344.0000,86
1362663481,b,192,0,6,t,4
1362663481,b,193,0,7,s,2,2,1000.0000
1362663481,t,0,auction,7,2,333.0000,87
1362663481,b,193,0,7,t,4
1362663481,b,194,0,8,s,2,4,1000.0000
1362663481,t,0,auction,8,4,299.0000,88
1362663481,b,194,0,8,t,4
1362663481,b,195,0,9,s,2,1,200.0000
1362663481,b,196,0,10,s,2,5,200.0000
1362663481,b,197,0,11,s,2,4,200.0000
1362663481,b,198,0,12,s,2,4,200.0000
1362663481,b,199,0,18,s,2,1,50.0000
1362663481,b,200,0,20,s,2,-1,200.0000
1362663481,b,201,0,23,s,2,-4,200.0000
1362663481,b,202,0,24,s,2,1,50.0000
1362663481,b,203,0,25,s,2,-3,200.0000
1362663481,b,204,0,26,s,2,1,50.0000
1362663481,q,26,130.5401,50.0000
1362663481,b,205,0,28,s,2,1,50.0000
1362663481,q,28,104.0427,50.0000
1362663481,b,199,0,18,r,5,1,50.0000
1362663481,b,206,0,18,s,2,1,50.0178
1362663481,b,200,0,20,r,5,-1,200.0000
1362663481,b,207,0,20,s,2,-1,199.9763
1362663481,b,201,0,23,r,5,-4,200.0000
1362663481,b,208,0,23,s,2,-4,199.9757
1362663481,b,202,0,24,r,5,1,50.0000
1362663481,b,209,0,24,s,2,1,50.0204
1362663481,q,24,108.6432,50.0204
1362663481,b,203,0,25,r,5,-3,200.0000
1362663481,b,210,0,25,s,2,-3,199.9753
1362663481,b,204,0,26,r,5,1,50.0000
1362663481,b,211,0,26,s,2,1,50.0207
1362663481,q,26,130.5401,50.0207
1362663481,b,205,0,28,r,5,1,50.0000
1362663481,b,212,0,28,s,2,1,50.0210
1362663481,q,28,104.0427,50.0210
1362663490,q,1,305.0000,0.0000
1362663490,q,2,357.0000,0.0000
1362663490,q,3,361.0000,0.0000
1362663490,q,4,254.0000,0.0000
1362663490,q,5,354.0000,0.0000
1362663490,q,6,336.0000,0.0000
1362663490,q,7,334.0000,0.0000
1362663490,q,8,289.0000,0.0000
1362663500,q,1,314.0000,0.0000
1362663500,q,2,365.0000,0.0000
1362663500,q,3,355.0000,0.0000
1362663500,q,4,261.0000,0.0000
1362663500,q,5,356.0000,0.0000
1362663500,q,6,337.0000,0.0000
1362663500,q,7,336.0000,0.0000
1362663500,q,8,295.0000,0.0000
1362663510,q,1,320.0000,0.0000
1362663510,q,2,365.0000,0.0000
1362663510,q,3,356.0000,0.0000
1362663510,q,4,256.0000,0.0000
1362663510,q,5,352.0000,0.0000
1362663510,q,6,335.0000,0.0000
1362663510,q,7,333.0000,0.0000
1362663510,q,8,285.0000,0.0000
1362663511,b,206,0,18,r,5,1,50.0178
1362663511,b,213,0,18,s,2,1,54.1844
1362663511,q,18,134.7273,54.1844
1362663511,b,207,0,20,r,5,-1,199.9763
1362663511,b,214,0,20,s,2,-1,194.9783
1362663511,b,208,0,23,r,5,-4,199.9757
1362663511,b,215,0,23,s,2,-4,194.9775
1362663511,b,209,0,24,r,5,1,50.0204
1362663511,b,216,0,24,s,2,1,54.1856
1362663511,q,24,108.6432,54.1856
1362663511,b,210,0,25,r,5,-3,199.9753
1362663511,b,217,0,25,s,2,-3,194.9773
1362663511,b,211,0,26,r,5,1,50.0207
1362663511,b,218,0,26,s,2,1,54.1857
1362663511,q,26,130.5401,54.1857
1362663511,b,168,-2,18,r,5,1,50.0183
1362663511,b,219,-2,18,s,2,1,52.2656
1362663511,b,212,0,28,r,5,1,50.0210
1362663511,b,220,0,28,s,2,1,54.1860
1362663511,q,28,104.0427,54.1860
1362663511,b,169,-5,18,r,5,-4,134.7273
1362663511,b,221,-5,18,s,2,-4,112.1886
1362663511,q,18,112.1886,54.1844
1362663511,b,170,-6,18,r,5,-2,138.2921
1362663511,b,222,-6,18,s,2,-2,141.1366
1362663511,b,171,-7,18,r,5,1,50.0230
1362663511,b,223,-7,18,s,2,1,52.8336
1362663511,b,152,-1,24,r,5,-4,108.6432
1362663511,b,224,-1,24,s,2,-4,157.7238
1362663511,q,24,157.7238,54.1856
1362663511,b,153,-3,24,r,5,-4,194.2478
1362663511,b,225,-3,24,s,2,-4,158.1668
1362663511,b,154,-5,24,r,5,1,50.0098
1362663511,b,226,-5,24,s,2,1,52.6893
1362663511,b,155,-6,24,r,5,1,50.0165
1362663511,b,227,-6,24,s,2,1,52.6987
1362663511,b,156,-1,26,r,5,-2,193.1716
1362663511,b,228,-1,26,s,2,-2,161.2573
1362663511,b,157,-4,26,r,5,-4,130.5401
1362663511,b,229,-4,26,s,2,-4,104.7255
1362663511,q,26,104.7255,54.1857
1362663511,b,180,-2,28,r,5,-2,150.3205
1362663511,b,230,-2,28,s,2,-2,157.0294
1362663511,b,181,-3,28,r,5,-2,127.5381
1362663511,b,231,-3,28,s,2,-2,114.4250
1362663511,b,182,-5,28,r,5,-4,104.0427
1362663511,b,232,-5,28,s,2,-4,129.9534
1362663511,q,28,114.4250,54.1860
1362663520,q,1,317.0000,0.0000
1362663520,q,2,372.0000,0.0000
1362663520,q,3,360.0000,0.0000
1362663520,q,4,246.0000,0.0000
1362663520,q,5,354.0000,0.0000
1362663520,q,6,329.0000,0.0000
1362663520,q,7,339.0000,0.0000
1362663520,q,8,291.0000,0.0000
1362663530,q,1,321.0000,0.0000
1362663530,q,2,380.0000,0.0000
1362663530,q,3,368.0000,0.0000
1362663530,q,4,255.0000,0.0000
1362663530,q,5,352.0000,0.0000
1362663530,q,6,338.0000,0.0000
1362663530,q,7,348.0000,0.0000
1362663530,q,8,294.0000,0.0000
1362663540,q,1,321.0000,0.0000
1362663540,q,2,388.0000,0.0000
1362663540,q,3,374.0000,0.0000
1362663540,q,4,257.0000,0.0000
1362663540,q,5,359.0000,0.0000
1362663540,q,6,330.0000,0.0000
1362663540,q,7,352.0000,0.0000
1362663540,q,8,288.0000,0.0000
1362663540,q,9,0.0000,0.0000,-1,1,-2,1,-3,1,0,1
1362663540,q,10,0.0000,0.0000,-1,1,-2,1,-3,1,-6,1,0,5
1362663540,q,11,0.0000,0.0000,-1,1,-2,1,-3,1,-6,1,0,4
1362663540,q,12,0.0000,0.0000,-1,1,-2,1,-3,1,0,4
1362663540,q,13,112.0000,112.0000,-1,2,-2,0,-3,4,-4,5,-5,5,-6,0,-7,0
1362663540,t,-1,auction,13,2,112.0000,89
1362663540,b,12,-1,13,t,4,2,112.0000
1362663540,t,-3,auction,13,4,112.0000,90
1362663540,b,53,-3,13,t,4
1362663540,t,-4,auction,13,5,112.0000,91
1362663540,b,73,-4,13,t,4
1362663540,t,-5,auction,13,5,112.0000,92
1362663540,b,91,-5,13,t,4
1362663540,q,13,112.0000,112.0000
1362663540,z,13
1362663540,q,14,171.0000,160.0000,-1,0,-2,3,-3,2,-4,3,-5,3,-6,3,-7,2
1362663540,q,15,0.0000,0.0000,-1,2,-2,2,-3,1,-4,2,-5,3,-6,3,-7,1
1362663540,q,16,132.0000,119.0000,-1,0,-2,3,-3,3,-4,0,-5,3,-6,3,-7,4
1362663541,b,213,0,18,r,5,1,54.1844
1362663541,b,233,0,18,s,2,1,58.3619
1362663541,q,18,112.1886,58.3619
1362663541,b,219,-2,18,r,5,1,52.2656
1362663541,b,234,-2,18,s,2,1,52.3885
1362663541,b,214,0,20,r,5,-1,194.9783
1362663541,b,235,0,20,s,2,-1,189.9655
1362663541,b,215,0,23,r,5,-4,194.9775
1362663541,b,236,0,23,s,2,-4,189.9468
1362663541,b,216,0,24,r,5,1,54.1856
1362663541,b,237,0,24,s,2,1,58.3810
1362663541,q,24,157.7238,58.3810
1362663541,b,217,0,25,r,5,-3,194.9773
1362663541,b,238,0,25,s,2,-3,189.9410
1362663541,b,224,-1,24,r,5,-4,157.7238
1362663541,b,239,-1,24,s,2,-4,174.6814
1362663541,q,24,158.1668,58.3810
1362663541,b,225,-3,24,r,5,-4,158.1668
1362663541,b,240,-3,24,s,2,-4,117.7764
1362663541,q,24,117.7764,58.3810
1362663541,b,226,-5,24,r,5,1,52.6893
1362663541,b,241,-5,24,s,2,1,53.3630
1362663541,b,227,-6,24,r,5,1,52.6987
1362663541,b,242,-6,24,s,2,1,52.8587
1362663541,b,218,0,26,r,5,1,54.1857
1362663541,b,243,0,26,s,2,1,58.3826
1362663541,q,26,104.7255,58.3826
1362663541,b,220,0,28,r,5,1,54.1860
1362663541,b,244,0,28,s,2,1,58.3849
1362663541,q,28,114.4250,58.3849
1362663541,b,230,-2,28,r,5,-2,157.0294
1362663541,b,245,-2,28,s,2,-2,155.5030
1362663541,b,231,-3,28,r,5,-2,114.4250
1362663541,b,246,-3,28,s,2,-2,173.4217
1362663541,q,28,129.9534,58.3849
1362663541,b,232,-5,28,r,5,-4,129.9534
1362663541,b,247,-5,28,s,2,-4,130.9275
1362663541,q,28,130.9275,58.3849
1362663550,b,8,-1,9,r,5,1,43.0000
1362663550,b,248,-1,9,s,2,2,49.0000
1362663550,b,9,-1,10,r,5,1,93.0000
1362663550,b,249,-1,10,s,2,2,116.0000
1362663550,b,10,-1,11,r,5,1,113.0000
1362663550,b,250,-1,11,s,2,2,141.0000
1362663550,b,251,-1,14,c,1,1,171.0000
1362663550,b,15,-1,16,r,5,2,119.0000
1362663550,b,252,-1,16,s,2,3,174.0000
1362663550,b,253,-1,19,s,2,1,53.6805
1362663550,q,19,161.5914,53.6805
1362663550,b,140,-1,20,r,5,2,50.0234
1362663550,b,254,-1,20,s,2,1,56.7378
1362663550,q,20,118.3307,56.7378
1362663550,b,146,-1,22,r,5,-1,131.4020
1362663550,b,255,-1,22,s,2,-1,124.9738
1362663550,q,22,124.9738,50.0219
1362663550,b,253,-1,19,r,5,1,53.6805
1362663550,b,256,-1,19,s,2,1,57.0813
1362663550,q,19,161.5914,57.0813
1362663550,b,172,-2,19,r,5,-1,161.5914
1362663550,b,258,-2,19,s,2,-1,149.9408
1362663550,q,19,149.9408,57.0813
1362663550,b,239,-1,24,r,5,-4,174.6814
1362663550,b,257,-1,24,s,2,-3,118.9562
1362663550,b,173,-3,19,r,5,1,50.0098
1362663550,b,259,-3,19,s,2,1,57.7177
1362663550,q,19,149.9408,57.7177
1362663550,b,174,-4,19,r,5,-2,178.2313
1362663550,b,260,-4,19,s,2,-2,109.3616
1362663550,q,19,109.3616,57.7177
1362663550,b,228,-1,26,r,5,-2,161.2573
1362663550,b,261,-1,26,s,2,-2,98.5063
1362663550,q,26,98.5063,58.3826
1362663550,b,175,-5,19,r,5,1,50.0216
1362663550,b,262,-5,19,s,2,1,53.8942
1362663550,b,176,-6,19,r,5,2,50.0252
1362663550,b,263,-6,19,s,2,2,56.7789
1362663550,b,158,-1,27,r,5,2,50.0192
1362663550,b,264,-1,27,s,2,1,57.4375
1362663550,q,27,149.5095,57.4375
1362663550,b,177,-7,19,r,5,-4,172.4320
1362663550,b,265,-7,19,s,2,-4,150.8867
1362663550,q,1,315.0000,0.0000
1362663550,q,2,380.0000,0.0000
1362663550,q,3,365.0000,0.0000
1362663550,q,4,255.0000,0.0000
1362663550,q,5,350.0000,0.0000
1362663550,q,6,325.0000,0.0000
1362663550,q,7,345.0000,0.0000
1362663550,q,8,301.0000,0.0000
1362663550,b,254,-1,20,r,5,1,56.7378
1362663550,b,266,-1,20,s,2,1,53.4052
1362663550,q,20,118.3307,53.4052
1362663550,b,141,-3,20,r,5,1,50.0096
1362663550,b,267,-3,20,s,2,1,52.9019
1362663550,b,142,-4,20,r,5,-3,165.5475
1362663550,b,268,-4,20,s,2,-3,95.0068
1362663550,q,20,95.0068,53.4052
1362663550,b,143,-5,20,r,5,-1,118.3307
1362663550,b,269,-5,20,s,2,-1,95.4200
1362663550,b,270,-5,9,s,2,3,55.0000
1362663550,b,144,-6,20,r,5,1,50.0128
1362663550,b,271,-6,20,s,2,1,52.9879
1362663550,b,145,-7,20,r,5,1,50.0133
1362663550,b,272,-7,20,s,2,1,57.1384
1362663550,q,20,95.0068,57.1384
1362663550,b,273,-5,10,s,2,3,161.0000
1362663550,b,255,-1,22,r,5,-1,124.9738
1362663550,b,274,-1,22,s,2,-1,150.8517
1362663550,q,22,150.8517,50.0219
1362663550,b,147,-2,22,r,5,2,50.0158
1362663550,b,275,-2,22,s,2,2,57.6103
1362663550,b,276,-5,11,s,2,3,142.0000
1362663550,q,22,150.8517,57.6103
1362663550,b,148,-3,22,r,5,1,50.0130
1362663550,b,277,-3,22,s,2,1,57.9660
1362663550,q,22,150.8517,57.9660
1362663550,b,278,-5,12,s,2,1,74.0000
1362663550,b,149,-4,22,r,5,1,50.0219
1362663550,b,279,-4,22,s,2,1,55.7569
1362663550,b,150,-5,22,r,5,-1,182.1899
1362663550,b,280,-5,22,s,2,-1,117.0298
1362663550,q,22,117.0298,57.9660
1362663550,b,165,-5,17,r,5,2,50.0178
1362663550,b,281,-5,17,s,2,2,54.3852
1362663550,q,17,108.4221,54.3852
1362663550,b,151,-7,22,r,5,-2,161.9262
1362663550,b,282,-7,22,s,2,-2,176.3458
1362663550,b,261,-1,26,r,5,-2,98.5063
1362663550,b,283,-1,26,s,2,-2,119.5649
1362663550,q,26,104.7255,58.3826
1362663550,b,221,-5,18,r,5,-4,112.1886
1362663550,b,284,-5,18,s,2,-4,151.8346
1362663550,q,18,141.1366,58.3619
1362663550,b,229,-4,26,r,5,-4,104.7255
1362663550,b,285,-4,26,s,2,-4,125.4164
1362663550,q,26,119.5649,58.3826
1362663550,b,264,-1,27,r,5,1,57.4375
1362663550,b,286,-1,27,s,2,1,58.1188
1362663550,q,27,149.5095,58.1188
1362663550,b,159,-2,27,r,5,-3,149.5095
1362663550,b,287,-2,27,s,2,-3,171.4132
1362663550,q,27,171.4132,58.1188
1362663550,b,160,-3,27,r,5,-3,177.2278
1362663550,b,288,-3,27,s,2,-3,178.3589
1362663550,b,161,-5,27,r,5,2,50.0242
1362663550,b,289,-5,27,s,2,2,58.0648
1362663550,b,162,-2,17,r,5,1,50.0243
1362663550,b,290,-2,17,s,2,1,57.7115
1362663550,q,17,108.4221,57.7115
1362663550,b,163,-3,17,r,5,3,50.0175
1362663550,b,291,-3,17,s,2,3,52.7699
1362663550,b,164,-4,17,r,5,1,50.0198
1362663550,b,292,-4,17,s,2,1,57.4927
1362663550,b,281,-5,17,r,5,2,54.3852
1362663550,b,293,-5,17,s,2,2,58.1626
1362663550,q,17,108.4221,58.1626
1362663550,b,166,-6,17,r,5,-1,108.4221
1362663550,b,294,-6,17,s,2,-1,113.2645
1362663550,q,17,113.2645,58.1626
1362663550,b,167,-7,17,r,5,-2,132.7119
1362663550,b,295,-7,17,s,2,-2,142.4496
1362663550,b,284,-5,18,r,5,-4,151.8346
1362663550,b,296,-5,18,s,2,-4,102.4461
1362663550,q,18,102.4461,58.3619
1362663550,b,222,-6,18,r,5,-2,141.1366
1362663550,b,297,-6,18,s,2,-2,125.7743
1362663550,b,223,-7,18,r,5,1,52.8336
1362663550,b,298,-7,18,s,2,1,53.1398
1362663550,b,262,-5,19,r,5,1,53.8942
1362663550,b,299,-5,19,s,2,1,52.7633
1362663550,b,269,-5,20,r,5,-1,95.4200
1362663550,b,300,-5,20,s,2,-1,133.5703
1362663550,b,280,-5,22,r,5,-1,117.0298
1362663550,b,301,-5,22,s,2,-1,126.7277
1362663550,q,22,126.7277,57.9660
1362663550,b,241,-5,24,r,5,1,53.3630
1362663550,b,302,-5,24,s,2,1,53.1727
1362663550,b,289,-5,27,r,5,2,58.0648
1362663550,b,303,-5,27,s,2,2,57.0505
1362663550,b,247,-5,28,r,5,-4,130.9275
1362663550,b,304,-5,28,s,2,-4,148.7840
1362663550,q,28,148.7840,58.3849
1362663550,b,305,-4,9,s,2,2,72.0000
1362663550,b,306,-4,10,s,2,3,153.0000
1362663550,b,307,-4,11,s,2,2,146.0000
1362663550,b,308,-4,16,c,1,1,132.0000
1362663550,b,292,-4,17,r,5,1,57.4927
1362663550,b,309,-4,17,s,2,1,57.0814
1362663550,b,260,-4,19,r,5,-2,109.3616
1362663550,b,310,-4,19,s,2,-1,133.6611
1362663550,q,19,133.6611,57.7177
1362663550,b,268,-4,20,r,5,-3,95.0068
1362663550,b,311,-4,20,s,2,-4,138.0154
1362663550,q,20,133.5703,57.1384
1362663550,b,279,-4,22,r,5,1,55.7569
1362663550,b,312,-4,22,s,2,1,58.6481
1362663550,q,22,126.7277,58.6481
1362663550,b,184,-4,23,r,5,1,50.0261
1362663550,b,313,-4,23,s,2,1,53.7485
1362663550,q,23,161.5486,53.7485
1362663550,b,186,-4,25,r,5,-2,103.1531
1362663550,b,314,-4,25,s,2,-2,154.8073
1362663550,q,25,154.8073,0.0000
1362663550,b,285,-4,26,r,5,-4,125.4164
1362663550,b,315,-4,26,s,2,-4,159.4701
1362663550,b,183,-3,23,r,5,-2,161.5486
1362663550,b,316,-3,23,s,2,-2,121.0396
1362663550,q,23,121.0396,53.7485
1362663550,b,313,-4,23,r,5,1,53.7485
1362663550,b,317,-4,23,s,2,1,53.0967
1362663550,q,23,121.0396,53.0967
1362663550,b,185,-7,23,r,5,1,50.0188
1362663550,b,318,-7,23,s,2,1,53.9210
1362663550,q,23,121.0396,53.9210
1362663550,b,314,-4,25,r,5,-2,154.8073
1362663550,b,319,-4,25,s,2,-2,131.8819
1362663550,q,25,131.8819,0.0000
1362663550,b,187,-7,25,r,5,-2,192.1820
1362663550,b,320,-7,25,s,2,-2,133.5271
1362663550,b,49,-3,9,r,5,1,49.0000
1362663550,b,321,-3,9,s,2,3,65.0000
1362663550,b,50,-3,10,r,5,1,90.0000
1362663550,b,322,-3,10,s,2,2,113.0000
1362663550,b,52,-3,12,r,5,1,78.0000
1362663550,b,323,-3,12,s,2,3,103.0000
1362663550,b,291,-3,17,r,5,3,52.7699
1362663550,b,324,-3,17,s,2,3,57.5164
1362663550,b,259,-3,19,r,5,1,57.7177
1362663550,b,325,-3,19,s,2,1,57.4667
1362663550,q,19,133.6611,57.4667
1362663550,b,267,-3,20,r,5,1,52.9019
1362663550,b,326,-3,20,s,2,1,55.8981
1362663550,b,316,-3,23,r,5,-2,121.0396
1362663550,b,327,-3,23,s,2,-2,148.6127
1362663550,q,23,148.6127,53.9210
1362663550,b,240,-3,24,r,5,-4,117.7764
1362663550,b,328,-3,24,s,2,-3,101.0952
1362663550,q,24,101.0952,58.3810
1362663550,b,288,-3,27,r,5,-3,178.3589
1362663550,b,329,-3,27,s,2,-3,98.2559
1362663550,q,27,98.2559,58.1188
1362663550,b,246,-3,28,r,5,-2,173.4217
1362663550,b,330,-3,28,s,2,-2,119.2346
1362663550,q,28,119.2346,58.3849
1362663550,b,331,-7,10,s,2,1,110.0000
1362663550,b,332,-7,11,s,2,1,114.0000
1362663550,b,333,-7,12,s,2,3,102.0000
1362663550,b,295,-7,17,r,5,-2,142.4496
1362663550,b,334,-7,17,s,2,-1,113.4559
1362663550,b,298,-7,18,r,5,1,53.1398
1362663550,b,335,-7,18,s,2,1,55.9890
1362663550,b,265,-7,19,r,5,-4,150.8867
1362663550,b,336,-7,19,s,2,-4,100.4589
1362663550,q,19,100.4589,57.4667
1362663550,b,272,-7,20,r,5,1,57.1384
1362663550,b,337,-7,20,s,2,1,55.2710
1362663550,q,20,133.5703,55.8981
1362663550,b,282,-7,22,r,5,-2,176.3458
1362663550,b,338,-7,22,s,2,-2,105.5047
1362663550,q,22,105.5047,58.6481
1362663550,b,318,-7,23,r,5,1,53.9210
1362663550,b,339,-7,23,s,2,1,54.0278
1362663550,q,23,148.6127,54.0278
1362663550,b,320,-7,25,r,5,-2,133.5271
1362663550,b,340,-7,25,s,2,-2,129.5404
1362663550,q,25,129.5404,0.0000
1362663550,b,110,-6,10,r,5,1,94.0000
1362663550,b,341,-6,10,s,2,3,147.0000
1362663550,b,111,-6,11,r,5,1,100.0000
1362663550,b,342,-6,11,s,2,3,156.0000
1362663550,b,343,-6,12,s,2,1,62.0000
1362663550,b,294,-6,17,r,5,-1,113.2645
1362663550,b,344,-6,17,s,2,-1,104.1487
1362663550,q,17,104.1487,58.1626
1362663551,b,297,-6,18,r,5,-2,125.7743
1362663551,b,345,-6,18,s,2,-1,151.1338
1362663551,b,263,-6,19,r,5,2,56.7789
1362663551,b,346,-6,19,s,2,1,53.9043
1362663551,b,271,-6,20,r,5,1,52.9879
1362663551,b,347,-6,20,s,2,1,57.6000
1362663551,q,20,133.5703,57.6000
1362663551,b,179,-6,21,r,5,-4,146.5910
1362663551,b,348,-6,21,s,2,-4,135.3561
1362663551,q,21,135.3561,0.0000
1362663551,b,349,-6,23,s,2,-1,174.2483
1362663551,b,242,-6,24,r,5,1,52.8587
1362663551,b,350,-6,24,s,2,1,57.0857
1362663551,b,178,-2,21,r,5,-4,170.6028
1362663551,b,351,-2,21,s,2,-4,123.4193
1362663551,q,21,123.4193,0.0000
1362663551,b,348,-6,21,r,5,-4,135.3561
1362663551,b,352,-6,21,s,2,-4,146.1892
1362663551,b,353,-2,2,s,2,1,1000.0000
1362663551,t,-2,auction,2,1,380.0000,93
1362663551,b,353,-2,2,t,4
1362663551,b,29,-2,10,r,5,1,91.0000
1362663551,b,354,-2,10,s,2,2,114.0000
1362663551,b,30,-2,11,r,5,1,102.0000
1362663551,b,355,-2,11,s,2,2,128.0000
1362663551,b,31,-2,12,r,5,1,65.0000
1362663551,b,356,-2,12,s,2,3,86.0000
1362663551,b,234,-2,18,r,5,1,52.3885
1362663551,b,357,-2,18,s,2,2,54.2565
1362663551,b,258,-2,19,r,5,-1,149.9408
1362663551,b,358,-2,19,s,2,-1,168.8109
1362663551,b,351,-2,21,r,5,-4,123.4193
1362663551,b,359,-2,21,s,2,-4,160.0776
1362663551,q,21,146.1892,0.0000
1362663551,b,275,-2,22,r,5,2,57.6103
1362663551,b,360,-2,22,s,2,1,54.8318
1362663551,b,361,-2,23,s,2,1,55.5372
1362663551,q,23,148.6127,55.5372
1362663551,b,361,-2,23,r,5,1,55.5372
1362663551,b,362,-2,23,s,2,1,52.7259
1362663551,q,23,148.6127,54.0278
1362663551,b,287,-2,27,r,5,-3,171.4132
1362663551,b,363,-2,27,s,2,-4,99.7658
1362663551,b,349,-6,23,r,5,-1,174.2483
1362663551,b,364,-6,23,s,2,-1,168.0564
1362663551,b,245,-2,28,r,5,-2,155.5030
1362663551,b,365,-2,28,s,2,-1,161.5591
1362663560,q,1,316.0000,0.0000
1362663560,q,2,383.0000,0.0000
1362663560,q,3,355.0000,0.0000
1362663560,q,4,258.0000,0.0000
1362663560,q,5,351.0000,0.0000
1362663560,q,6,320.0000,0.0000
1362663560,q,7,349.0000,0.0000
1362663560,q,8,295.0000,0.0000
1362663570,q,1,313.0000,0.0000
1362663570,q,2,380.0000,0.0000
1362663570,q,3,358.0000,0.0000
1362663570,q,4,254.0000,0.0000
1362663570,q,5,350.0000,0.0000
1362663570,q,6,312.0000,0.0000
1362663570,q,7,358.0000,0.0000
1362663570,q,8,296.0000,0.0000
1362663571,b,233,0,18,r,5,1,58.3619
1362663571,b,366,0,18,s,2,1,62.5254
1362663571,q,18,102.4461,62.5254
1362663571,b,235,0,20,r,5,-1,189.9655
1362663571,b,367,0,20,s,2,-1,184.9690
1362663571,b,236,0,23,r,5,-4,189.9468
1362663571,b,368,0,23,s,2,-4,184.9685
1362663571,b,237,0,24,r,5,1,58.3810
1362663571,b,369,0,24,s,2,1,62.5264
1362663571,q,24,101.0952,62.5264
1362663571,b,238,0,25,r,5,-3,189.9410
1362663571,b,370,0,25,s,2,-3,184.9683
1362663571,b,243,0,26,r,5,1,58.3826
1362663571,b,371,0,26,s,2,1,62.5265
1362663571,q,26,119.5649,62.5265
1362663571,b,244,0,28,r,5,1,58.3849
1362663571,b,372,0,28,s,2,1,62.5268
1362663571,q,28,119.2346,62.5268
1362663580,q,1,315.0000,0.0000
1362663580,q,2,376.0000,0.0000
1362663580,q,3,351.0000,0.0000
1362663580,q,4,245.0000,0.0000
1362663580,q,5,356.0000,0.0000
1362663580,q,6,314.0000,0.0000
1362663580,q,7,366.0000,0.0000
1362663580,q,8,287.0000,0.0000
1362663590,q,1,317.0000,0.0000
1362663590,q,2,377.0000,0.0000
1362663590,q,3,362.0000,0.0000
1362663590,q,4,250.0000,0.0000
1362663590,q,5,363.0000,0.0000
1362663590,q,6,312.0000,0.0000
1362663590,q,7,376.0000,0.0000
1362663590,q,8,298.0000,0.0000
1362663600,q,1,311.0000,0.0000
1362663600,q,2,372.0000,0.0000
1362663600,q,3,352.0000,0.0000
1362663600,q,4,247.0000,0.0000
1362663600,q,5,365.0000,0.0000
1362663600,q,6,315.0000,0.0000
1362663600,q,7,379.0000,0.0000
1362663600,q,8,305.0000,0.0000
1362663600,q,9,0.0000,0.0000,-2,1,0,1,-1,2,-5,3,-4,2,-3,3
1362663600,q,10,116.0000,114.0000,0,5,-1,2,-5,3,-4,3,-3,0,-7,0,-6,3,-2,0
1362663600,q,11,128.0000,114.0000,-3,0,0,4,-1,2,-5,3,-4,2,-7,0,-6,3,-2,2
1362663600,q,12,62.0000,0.0000,-1,1,0,4,-5,1,-3,3,-7,3,-6,1,-2,3
1362663600,q,14,171.0000,160.0000,-1,0,-2,3,-3,2,-4,3,-5,3,-6,3,-7,2
1362663600,t,-2,auction,14,3,171.0000,94
1362663600,b,33,-2,14,t,4
1362663600,t,-3,auction,14,2,171.0000,95
1362663600,b,54,-3,14,t,4
1362663600,t,-4,auction,14,3,171.0000,96
1362663600,b,74,-4,14,t,4
1362663600,t,-5,auction,14,3,171.0000,97
1362663600,b,92,-5,14,t,4
1362663600,t,-6,auction,14,3,171.0000,98
1362663600,b,113,-6,14,t,4
1362663600,t,-7,auction,14,2,171.0000,99
1362663600,b,130,-7,14,t,4
1362663600,q,14,171.0000,160.0000
1362663600,z,14
1362663600,q,15,0.0000,0.0000,-1,2,-2,2,-3,1,-4,2,-5,3,-6,3,-7,1
1362663600,q,16,138.0000,132.0000,-2,3,-3,0,-4,0,-5,3,-6,3,-7,4,-1,3
1362663601,b,366,0,18,r,5,1,62.5254
1362663601,b,373,0,18,s,2,1,66.6964
1362663601,q,18,102.4461,66.6964
1362663601,b,367,0,20,r,5,-1,184.9690
1362663601,b,374,0,20,s,2,-1,179.9640
1362663601,b,357,-2,18,r,5,2,54.2565
1362663601,b,375,-2,18,s,2,2,55.8797
1362663601,b,296,-5,18,r,5,-4,102.4461
1362663601,b,376,-5,18,s,2,-4,159.2089
1362663601,q,18,151.1338,66.6964
1362663601,b,345,-6,18,r,5,-1,151.1338
1362663601,b,377,-6,18,s,2,-1,136.0453
1362663601,q,18,136.0453,66.6964
1362663601,b,335,-7,18,r,5,1,55.9890
1362663601,b,378,-7,18,s,2,1,60.0189
1362663601,b,368,0,23,r,5,-4,184.9685
1362663601,b,379,0,23,s,2,-4,179.9635
1362663601,b,369,0,24,r,5,1,62.5264
1362663601,b,380,0,24,s,2,1,66.6972
1362663601,q,24,101.0952,66.6972
1362663601,b,370,0,25,r,5,-3,184.9683
1362663601,b,381,0,25,s,2,-3,179.9632
1362663601,b,257,-1,24,r,5,-3,118.9562
1362663601,b,382,-1,24,s,2,-3,152.6859
1362663601,b,328,-3,24,r,5,-3,101.0952
1362663601,b,383,-3,24,s,2,-3,120.2400
1362663601,q,24,120.2400,66.6972
1362663601,b,302,-5,24,r,5,1,53.1727
1362663601,b,384,-5,24,s,2,1,61.3579
1362663601,b,350,-6,24,r,5,1,57.0857
1362663601,b,385,-6,24,s,2,1,65.0985
1362663601,b,371,0,26,r,5,1,62.5265
1362663601,b,386,0,26,s,2,1,66.6975
1362663601,q,26,119.5649,66.6975
1362663601,b,283,-1,26,r,5,-2,119.5649
1362663601,b,387,-1,26,s,2,-2,105.0135
1362663601,q,26,105.0135,66.6975
1362663601,b,315,-4,26,r,5,-4,159.4701
1362663601,b,388,-4,26,s,2,-4,127.7839
1362663601,b,372,0,28,r,5,1,62.5268
1362663601,b,389,0,28,s,2,1,66.6976
1362663601,q,28,119.2346,66.6976
1362663601,b,365,-2,28,r,5,-1,161.5591
1362663601,b,390,-2,28,s,2,-1,157.1181
1362663601,b,330,-3,28,r,5,-2,119.2346
1362663601,b,391,-3,28,s,2,-2,94.0897
1362663601,q,28,94.0897,66.6976
1362663601,b,304,-5,28,r,5,-4,148.7840
1362663601,b,392,-5,28,s,2,-4,147.1557
1362663610,b,354,-2,10,r,5,2,114.0000
1362663610,b,393,-2,10,s,2,2,145.0000
1362663610,b,290,-2,17,r,5,1,57.7115
1362663610,b,394,-2,17,s,2,1,60.9182
1362663610,q,17,104.1487,60.9182
1362663610,b,394,-2,17,r,5,1,60.9182
1362663610,b,395,-2,17,s,2,1,62.3280
1362663610,q,17,104.1487,62.3280
1362663610,b,375,-2,18,r,5,2,55.8797
1362663610,b,396,-2,18,s,2,1,57.8889
1362663610,b,324,-3,17,r,5,3,57.5164
1362663610,b,397,-3,17,s,2,3,55.2648
1362663610,b,309,-4,17,r,5,1,57.0814
1362663610,b,398,-4,17,s,2,1,61.9471
1362663610,b,358,-2,19,r,5,-1,168.8109
1362663610,b,399,-2,19,s,2,-1,149.6622
1362663610,b,293,-5,17,r,5,2,58.1626
1362663610,b,400,-5,17,s,2,2,55.2717
1362663610,q,1,305.0000,0.0000
1362663610,q,2,364.0000,0.0000
1362663610,q,3,343.0000,0.0000
1362663610,q,4,254.0000,0.0000
1362663610,q,5,364.0000,0.0000
1362663610,q,6,308.0000,0.0000
1362663610,q,7,385.0000,0.0000
1362663610,q,8,305.0000,0.0000
1362663610,b,344,-6,17,r,5,-1,104.1487
1362663610,b,401,-6,17,s,2,-1,109.0142
1362663610,q,17,109.0142,62.3280
1362663610,b,359,-2,21,r,5,-4,160.0776
1362663610,b,334,-7,17,r,5,-1,113.4559
1362663610,b,403,-7,17,s,2,-1,96.1964
1362663610,q,17,96.1964,62.3280
1362663610,b,402,-2,21,s,2,-4,119.2696
1362663610,q,21,119.2696,0.0000
1362663610,b,402,-2,21,r,5,-4,119.2696
1362663610,b,404,-2,21,s,2,-4,121.0451
1362663610,q,21,121.0451,0.0000
1362663610,b,360,-2,22,r,5,1,54.8318
1362663610,b,405,-2,22,s,2,1,56.6431
1362663610,b,352,-6,21,r,5,-4,146.1892
1362663610,b,406,-6,21,s,2,-4,145.3079
1362663610,b,362,-2,23,r,5,1,52.7259
1362663610,b,407,-2,23,s,2,1,63.8169
1362663610,q,23,148.6127,63.8169
1362663610,b,407,-2,23,r,5,1,63.8169
1362663610,b,408,-2,23,s,2,1,60.5945
1362663610,q,23,148.6127,60.5945
1362663610,b,363,-2,27,r,5,-4,99.7658
1362663610,b,409,-2,27,s,2,-3,120.0802
1362663610,b,327,-3,23,r,5,-2,148.6127
1362663610,b,410,-3,23,s,2,-2,158.1615
1362663610,q,23,158.1615,60.5945
1362663610,b,317,-4,23,r,5,1,53.0967
1362663610,b,411,-4,23,s,2,1,61.6534
1362663610,q,23,158.1615,61.6534
1362663610,b,364,-6,23,r,5,-1,168.0564
1362663610,b,412,-6,23,s,2,-1,90.3960
1362663610,q,23,90.3960,61.6534
1362663610,b,390,-2,28,r,5,-1,157.1181
1362663610,b,413,-2,28,s,2,-1,88.3383
1362663610,b,339,-7,23,r,5,1,54.0278
1362663610,b,414,-7,23,s,2,1,63.3333
1362663610,q,23,90.3960,63.3333
1362663610,q,28,88.3383,66.6976
1362663610,b,322,-3,10,r,5,2,113.0000
1362663610,b,415,-3,10,s,2,2,145.0000
1362663610,b,55,-3,15,r,5,1,150.0000
1362663610,b,416,-3,15,s,2,2,188.0000
1362663610,b,56,-3,16,r,5,3,132.0000
1362663610,b,417,-3,16,s,2,3,182.0000
1362663610,b,397,-3,17,r,5,3,55.2648
1362663610,b,418,-3,17,s,2,3,64.2447
1362663610,q,17,96.1964,64.2447
1362663610,b,325,-3,19,r,5,1,57.4667
1362663610,b,419,-3,19,s,2,1,63.1305
1362663610,q,19,100.4589,63.1305
1362663610,b,326,-3,20,r,5,1,55.8981
1362663610,b,420,-3,20,s,2,1,63.2634
1362663610,q,20,133.5703,63.2634
1362663610,b,256,-1,19,r,5,1,57.0813
1362663610,b,421,-1,19,s,2,1,62.1344
1362663610,b,277,-3,22,r,5,1,57.9660
1362663610,b,422,-3,22,s,2,1,60.0598
1362663610,q,22,105.5047,60.0598
1362663610,b,399,-2,19,r,5,-1,149.6622
1362663610,b,423,-2,19,s,2,-1,101.2639
1362663610,b,419,-3,19,r,5,1,63.1305
1362663610,b,424,-3,19,s,2,1,65.5727
1362663610,b,410,-3,23,r,5,-2,158.1615
1362663610,b,425,-3,23,s,2,-2,103.5850
1362663610,q,19,100.4589,65.5727
1362663610,b,383,-3,24,r,5,-3,120.2400
1362663610,b,426,-3,24,s,2,-4,114.3855
1362663610,q,24,114.3855,66.6972
1362663610,b,310,-4,19,r,5,-1,133.6611
1362663610,b,427,-4,19,s,2,-1,124.1751
1362663610,b,299,-5,19,r,5,1,52.7633
1362663610,b,429,-5,19,s,2,1,65.5788
1362663610,q,19,100.4589,65.5788
1362663610,b,346,-6,19,r,5,1,53.9043
1362663610,b,329,-3,27,r,5,-3,98.2559
1362663610,b,428,-3,27,s,2,-3,116.0121
1362663610,q,27,116.0121,58.1188
1362663610,b,391,-3,28,r,5,-2,94.0897
1362663610,b,431,-3,28,s,2,-2,163.7917
1362663610,b,430,-6,19,s,2,1,62.7826
1362663610,b,336,-7,19,r,5,-4,100.4589
1362663610,b,432,-7,19,s,2,-4,93.7240
1362663610,q,19,93.7240,65.5788
1362663610,b,266,-1,20,r,5,1,53.4052
1362663610,b,433,-1,20,s,2,1,56.7212
1362663610,b,420,-3,20,r,5,1,63.2634
1362663610,b,434,-3,20,s,2,1,56.9872
1362663610,q,20,133.5703,57.6000
1362663610,b,311,-4,20,r,5,-4,138.0154
1362663610,b,435,-4,20,s,2,-4,131.1192
1362663610,q,20,131.1192,57.6000
1362663610,b,436,-1,5,s,2,1,1000.0000
1362663610,t,-1,auction,5,1,364.0000,100
1362663610,b,436,-1,5,t,4
1362663610,b,11,-1,12,r,5,1,81.0000
1362663610,b,437,-1,12,s,2,2,94.0000
1362663610,b,300,-5,20,r,5,-1,133.5703
1362663610,b,438,-5,20,s,2,-1,149.7920
1362663610,b,347,-6,20,r,5,1,57.6000
1362663610,b,439,-6,20,s,2,1,61.1520
1362663610,q,20,131.1192,61.1520
1362663610,b,421,-1,19,r,5,1,62.1344
1362663610,b,440,-1,19,s,2,1,63.6786
1362663610,b,337,-7,20,r,5,1,55.2710
1362663610,b,441,-7,20,s,2,1,65.6903
1362663610,q,20,131.1192,65.6903
1362663610,b,433,-1,20,r,5,1,56.7212
1362663610,b,442,-1,20,s,2,1,62.5184
1362663610,b,274,-1,22,r,5,-1,150.8517
1362663610,b,443,-1,22,s,2,-2,91.6172
1362663610,q,22,91.6172,60.0598
1362663610,b,443,-1,22,r,5,-2,91.6172
1362663610,b,444,-1,22,s,2,-2,143.9905
1362663610,q,22,105.5047,60.0598
1362663610,b,382,-1,24,r,5,-3,152.6859
1362663610,b,445,-1,24,s,2,-3,92.3242
1362663610,b,405,-2,22,r,5,1,56.6431
1362663610,b,446,-2,22,s,2,1,55.5380
1362663610,q,24,92.3242,66.6972
1362663610,b,422,-3,22,r,5,1,60.0598
1362663610,b,387,-1,26,r,5,-2,105.0135
1362663610,b,448,-1,26,s,2,-2,117.5959
1362663610,b,447,-3,22,s,2,1,63.1674
1362663610,q,26,117.5959,66.6975
1362663610,q,22,105.5047,63.1674
1362663610,b,312,-4,22,r,5,1,58.6481
1362663610,b,449,-4,22,s,2,1,62.4202
1362663610,b,301,-5,22,r,5,-1,126.7277
1362663610,b,450,-5,22,s,2,-1,157.1057
1362663610,b,338,-7,22,r,5,-2,105.5047
1362663610,b,451,-7,22,s,2,-2,144.2388
1362663610,q,22,143.9905,63.1674
1362663610,b,452,-7,10,c,1,1,116.0000
1362663610,b,453,-7,11,c,1,1,128.0000
1362663610,b,403,-7,17,r,5,-1,96.1964
1362663610,b,454,-7,17,s,2,-2,95.9844
1362663610,q,17,95.9844,64.2447
1362663610,b,378,-7,18,r,5,1,60.0189
1362663610,b,455,-7,18,s,2,1,56.2356
1362663610,b,432,-7,19,r,5,-4,93.7240
1362663610,b,456,-7,19,s,2,-4,119.8080
1362663610,q,19,101.2639,65.5788
1362663610,b,409,-2,27,r,5,-3,120.0802
1362663610,b,457,-2,27,s,2,-3,111.0595
1362663610,b,441,-7,20,r,5,1,65.6903
1362663610,b,458,-7,20,s,2,1,65.2217
1362663610,q,20,131.1192,65.2217
1362663610,q,27,111.0595,58.1188
1362663610,b,428,-3,27,r,5,-3,116.0121
1362663610,b,459,-3,27,s,2,-3,159.1896
1362663610,b,451,-7,22,r,5,-2,144.2388
1362663610,b,460,-7,22,s,2,-2,161.9833
1362663610,b,303,-5,27,r,5,2,57.0505
1362663610,b,461,-5,27,s,2,2,60.2314
1362663610,q,27,111.0595,60.2314
1362663610,b,414,-7,23,r,5,1,63.3333
1362663610,b,462,-7,23,s,2,1,55.3303
1362663610,q,23,90.3960,61.6534
1362663610,b,340,-7,25,r,5,-2,129.5404
1362663610,b,463,-7,25,s,2,-2,141.8136
1362663610,q,25,131.8819,0.0000
1362663610,b,319,-4,25,r,5,-2,131.8819
1362663610,b,464,-4,25,s,2,-2,146.7280
1362663610,q,25,141.8136,0.0000
1362663610,b,463,-7,25,r,5,-2,141.8136
1362663610,b,465,-7,25,s,2,-2,159.7896
1362663610,q,25,146.7280,0.0000
1362663610,b,466,-6,2,s,2,2,1000.0000
1362663610,t,-6,auction,2,2,364.0000,101
1362663610,b,466,-6,2,t,4
1362663610,b,343,-6,12,r,5,1,62.0000
1362663610,b,467,-6,12,s,2,2,71.0000
1362663610,b,401,-6,17,r,5,-1,109.0142
1362663610,b,468,-6,17,s,2,-1,111.1918
1362663610,b,430,-6,19,r,5,1,62.7826
1362663610,b,469,-6,19,s,2,1,61.1123
1362663610,b,406,-6,21,r,5,-4,145.3079
1362663610,b,470,-6,21,s,2,-4,113.2814
1362663610,q,21,113.2814,0.0000
1362663610,b,412,-6,23,r,5,-1,90.3960
1362663610,b,471,-6,23,s,2,2,66.5779
1362663610,q,23,103.5850,66.5779
1362663610,b,385,-6,24,r,5,1,65.0985
1362663610,b,472,-6,24,s,2,1,63.0401
1362663610,b,473,-6,28,s,2,2,57.2949
1362663610,b,474,-4,1,s,2,1,1000.0000
1362663610,t,-4,auction,1,1,305.0000,102
1362663610,b,474,-4,1,t,4
1362663610,b,305,-4,9,r,5,2,72.0000
1362663610,b,475,-4,9,s,2,4,96.0000
1362663610,b,476,-4,16,c,1,1,138.0000
1362663610,b,398,-4,17,r,5,1,61.9471
1362663610,b,477,-4,17,s,2,2,61.2341
1362663610,b,427,-4,19,r,5,-1,124.1751
1362663610,b,478,-4,19,s,2,-1,104.4074
1362663610,b,435,-4,20,r,5,-4,131.1192
1362663610,b,479,-4,20,s,2,-4,88.8181
1362663610,q,20,88.8181,65.2217
1362663610,b,449,-4,22,r,5,1,62.4202
1362663610,b,480,-4,22,s,2,1,57.9172
1362663610,b,411,-4,23,r,5,1,61.6534
1362663610,b,481,-4,23,s,2,1,65.5981
1362663610,b,482,-4,24,s,2,1,65.7791
1362663610,b,464,-4,25,r,5,-2,146.7280
1362663610,b,483,-4,25,s,2,-2,88.6105
1362663610,q,25,88.6105,0.0000
1362663610,b,388,-4,26,r,5,-4,127.7839
1362663610,b,484,-4,26,s,2,-4,126.3248
1362663610,b,485,-5,1,s,2,1,1000.0000
1362663610,t,-5,auction,1,1,305.0000,103
1362663610,b,485,-5,1,t,4
1362663610,b,486,-5,2,s,2,1,1000.0000
1362663610,t,-5,auction,2,1,364.0000,104
1362663610,b,486,-5,2,t,4
1362663610,b,278,-5,12,r,5,1,74.0000
1362663610,b,487,-5,12,s,2,2,84.0000
1362663610,b,400,-5,17,r,5,2,55.2717
1362663610,b,488,-5,17,s,2,2,56.9018
1362663610,b,376,-5,18,r,5,-4,159.2089
1362663610,b,489,-5,18,s,2,-3,141.5097
1362663610,b,429,-5,19,r,5,1,65.5788
1362663610,b,490,-5,19,s,2,1,60.4509
1362663610,q,19,101.2639,65.5727
1362663610,b,438,-5,20,r,5,-1,149.7920
1362663610,b,491,-5,20,s,2,-2,95.0588
1362663610,b,450,-5,22,r,5,-1,157.1057
1362663610,b,492,-5,22,s,2,-1,124.1483
1362663610,q,22,124.1483,63.1674
1362663610,b,493,-5,23,s,2,1,62.2021
1362663610,b,384,-5,24,r,5,1,61.3579
1362663610,b,494,-5,24,s,2,1,55.3972
1362663610,b,461,-5,27,r,5,2,60.2314
1362663610,b,495,-5,27,s,2,3,56.3248
1362663610,q,27,111.0595,58.1188
1362663610,b,392,-5,28,r,5,-4,147.1557
1362663610,b,496,-5,28,s,2,-3,162.4283
1362663620,q,1,307.0000,0.0000
1362663620,q,2,367.0000,0.0000
1362663620,q,3,349.0000,0.0000
1362663620,q,4,252.0000,0.0000
1362663620,q,5,358.0000,0.0000
1362663620,q,6,300.0000,0.0000
1362663620,q,7,387.0000,0.0000
1362663620,q,8,306.0000,0.0000
1362663630,q,1,299.0000,0.0000
1362663630,q,2,365.0000,0.0000
1362663630,q,3,344.0000,0.0000
1362663630,q,4,245.0000,0.0000
1362663630,q,5,350.0000,0.0000
1362663630,q,6,294.0000,0.0000
1362663630,q,7,394.0000,0.0000
1362663630,q,8,301.0000,0.0000
1362663631,b,373,0,18,r,5,1,66.6964
1362663631,b,497,0,18,s,2,1,70.8678
1362663631,q,18,136.0453,70.8678
1362663631,b,374,0,20,r,5,-1,179.9640
1362663631,b,498,0,20,s,2,-1,174.9583
1362663631,b,396,-2,18,r,5,1,57.8889
1362663631,b,499,-2,18,s,2,1,58.4875
1362663631,b,489,-5,18,r,5,-3,141.5097
1362663631,b,500,-5,18,s,2,-3,123.1586
1362663631,q,18,123.1586,70.8678
1362663631,b,455,-7,18,r,5,1,56.2356
1362663631,b,501,-7,18,s,2,1,60.7145
1362663631,b,379,0,23,r,5,-4,179.9635
1362663631,b,502,0,23,s,2,-4,174.9580
1362663631,b,380,0,24,r,5,1,66.6972
1362663631,b,503,0,24,s,2,1,70.8685
1362663631,q,24,92.3242,70.8685
1362663631,b,381,0,25,r,5,-3,179.9632
1362663631,b,504,0,25,s,2,-3,174.9578
1362663631,b,386,0,26,r,5,1,66.6975
1362663631,b,505,0,26,s,2,1,70.8686
1362663631,q,26,117.5959,70.8686
1362663631,b,389,0,28,r,5,1,66.6976
1362663631,b,506,0,28,s,2,1,70.8689
1362663631,q,28,88.3383,70.8689
1362663631,b,445,-1,24,r,5,-3,92.3242
1362663631,b,507,-1,24,s,2,-3,114.2082
1362663631,q,24,114.2082,70.8685
1362663631,b,426,-3,24,r,5,-4,114.3855
1362663631,b,508,-3,24,s,2,-4,133.3078
1362663631,b,482,-4,24,r,5,1,65.7791
1362663631,b,509,-4,24,s,2,1,64.1473
1362663631,b,494,-5,24,r,5,1,55.3972
1362663631,b,510,-5,24,s,2,1,69.3183
1362663631,b,472,-6,24,r,5,1,63.0401
1362663631,b,511,-6,24,s,2,1,61.1809
1362663631,b,448,-1,26,r,5,-2,117.5959
1362663631,b,512,-1,26,s,2,-2,99.0830
1362663631,q,26,99.0830,70.8686
1362663631,b,484,-4,26,r,5,-4,126.3248
1362663631,b,513,-4,26,s,2,-4,156.8202
1362663631,b,413,-2,28,r,5,-1,88.3383
1362663631,b,514,-2,28,s,2,-1,128.2656
1362663631,q,28,128.2656,70.8689
1362663631,b,431,-3,28,r,5,-2,163.7917
1362663631,b,515,-3,28,s,2,-2,124.6675
1362663631,q,28,124.6675,70.8689
1362663631,b,496,-5,28,r,5,-3,162.4283
1362663631,b,516,-5,28,s,2,-3,98.9470
1362663631,q,28,98.9470,70.8689
1362663631,b,473,-6,28,r,5,2,57.2949
1362663631,b,517,-6,28,s,2,2,61.8238
1362663640,q,1,305.0000,0.0000
1362663640,q,2,363.0000,0.0000
1362663640,q,3,358.0000,0.0000
1362663640,q,4,242.0000,0.0000
1362663640,q,5,349.0000,0.0000
1362663640,q,6,286.0000,0.0000
1362663640,q,7,386.0000,0.0000
1362663640,q,8,312.0000,0.0000
1362663650,q,1,300.0000,0.0000
1362663650,q,2,353.0000,0.0000
1362663650,q,3,372.0000,0.0000
1362663650,q,4,242.0000,0.0000
1362663650,q,5,349.0000,0.0000
1362663650,q,6,292.0000,0.0000
1362663650,q,7,383.0000,0.0000
1362663650,q,8,322.0000,0.0000
1362663660,q,1,311.0000,0.0000
1362663660,q,2,357.0000,0.0000
1362663660,q,3,371.0000,0.0000
1362663660,q,4,245.0000,0.0000
1362663660,q,5,360.0000,0.0000
1362663660,q,6,290.0000,0.0000
1362663660,q,7,373.0000,0.0000
1362663660,q,8,327.0000,0.0000
1362663660,q,9,0.0000,0.0000,-2,1,0,1,-1,2,-5,3,-3,3,-4,4
1362663660,q,10,145.0000,145.0000,0,5,-1,0,-5,3,-4,3,-7,0,-6,3,-2,1,-3,1
1362663660,t,0,auction,10,5,145.0000,105
1362663660,b,196,0,10,t,4
1362663660,t,-5,auction,10,3,145.0000,106
1362663660,b,273,-5,10,t,4
1362663660,t,-4,auction,10,3,145.0000,107
1362663660,b,306,-4,10,t,4
1362663660,t,-6,auction,10,3,145.0000,108
1362663660,b,341,-6,10,t,4
1362663660,t,-2,auction,10,1,145.0000,109
1362663660,b,393,-2,10,t,4,1,145.0000
1362663660,t,-3,auction,10,1,145.0000,110
1362663660,b,415,-3,10,t,4,1,145.0000
1362663660,q,10,145.0000,145.0000
1362663660,z,10
1362663660,q,11,128.0000,114.0000,-3,0,0,4,-1,2,-5,3,-4,2,-7,0,-6,3,-2,2
1362663660,q,12,84.0000,84.0000,0,4,-3,3,-7,3,-2,3,-1,2,-6,0,-5,1
1362663660,q,15,0.0000,0.0000,-1,2,-2,2,-4,2,-5,3,-6,3,-7,1,-3,2
1362663660,q,16,152.0000,138.0000,-2,0,-4,0,-5,3,-6,3,-7,4,-1,3,-3,3
1362663661,b,497,0,18,r,5,1,70.8678
1362663661,b,518,0,18,s,2,1,75.0392
1362663661,q,18,123.1586,75.0392
1362663661,b,498,0,20,r,5,-1,174.9583
1362663661,b,519,0,20,s,2,-1,169.9518
1362663661,b,502,0,23,r,5,-4,174.9580
1362663661,b,520,0,23,s,2,-4,169.9515
1362663661,b,499,-2,18,r,5,1,58.4875
1362663661,b,521,-2,18,s,2,1,72.3809
1362663661,b,500,-5,18,r,5,-3,123.1586
1362663661,b,522,-5,18,s,2,-3,114.2606
1362663661,q,18,114.2606,75.0392
1362663661,b,501,-7,18,r,5,1,60.7145
1362663661,b,524,-7,18,s,2,1,70.7870
1362663661,b,503,0,24,r,5,1,70.8685
1362663661,b,523,0,24,s,2,1,75.0406
1362663661,q,24,114.2082,75.0406
1362663661,b,507,-1,24,r,5,-3,114.2082
1362663661,b,525,-1,24,s,2,-3,140.0937
1362663661,b,504,0,25,r,5,-3,174.9578
1362663661,b,526,0,25,s,2,-3,169.9512
1362663661,q,24,133.3078,75.0406
1362663661,b,508,-3,24,r,5,-4,133.3078
1362663661,b,527,-3,24,s,2,-4,91.2917
1362663661,q,24,91.2917,75.0406
1362663661,b,509,-4,24,r,5,1,64.1473
1362663661,b,528,-4,24,s,2,1,63.6121
1362663661,b,505,0,26,r,5,1,70.8686
1362663661,b,529,0,26,s,2,1,75.0408
1362663661,q,26,99.0830,75.0408
1362663661,b,510,-5,24,r,5,1,69.3183
1362663661,b,530,-5,24,s,2,1,70.0058
1362663661,b,511,-6,24,r,5,1,61.1809
1362663661,b,531,-6,24,s,2,1,61.3060
1362663661,b,506,0,28,r,5,1,70.8689
1362663661,b,532,0,28,s,2,1,75.0410
1362663661,q,28,98.9470,75.0410
1362663661,b,512,-1,26,r,5,-2,99.0830
1362663661,b,533,-1,26,s,2,-2,95.5142
1362663661,q,26,95.5142,75.0408
1362663661,b,513,-4,26,r,5,-4,156.8202
1362663661,b,534,-4,26,s,2,-4,132.2602
1362663661,b,514,-2,28,r,5,-1,128.2656
1362663661,b,535,-2,28,s,2,-1,127.1076
1362663661,b,515,-3,28,r,5,-2,124.6675
1362663661,b,536,-3,28,s,2,-2,142.2525
1362663661,b,516,-5,28,r,5,-3,98.9470
1362663661,b,537,-5,28,s,2,-3,126.2253
1362663661,q,28,126.2253,75.0410
1362663661,b,517,-6,28,r,5,2,61.8238
1362663661,b,538,-6,28,s,2,2,73.0844
1362663670,b,539,-2,2,s,2,1,1000.0000
1362663670,t,-2,auction,2,1,357.0000,111
1362663670,b,539,-2,2,t,4
1362663670,b,35,-2,16,r,5,3,138.0000
1362663670,b,540,-2,16,s,2,3,201.0000
1362663670,b,521,-2,18,r,5,1,72.3809
1362663670,b,541,-2,18,s,2,1,65.6593
1362663670,b,423,-2,19,r,5,-1,101.2639
1362663670,b,542,-2,19,s,2,-1,90.6056
1362663670,q,19,90.6056,65.5727
1362663670,b,440,-1,19,r,5,1,63.6786
1362663670,b,543,-1,19,s,2,1,67.7455
1362663670,q,19,90.6056,67.7455
1362663670,b,542,-2,19,r,5,-1,90.6056
1362663670,b,544,-2,19,s,2,-1,84.6763
1362663670,q,19,84.6763,67.7455
1362663670,b,545,-2,20,s,2,1,67.6475
1362663670,q,20,88.8181,67.6475
1362663670,b,424,-3,19,r,5,1,65.5727
1362663670,b,546,-3,19,s,2,1,73.8825
1362663670,q,19,84.6763,73.8825
1362663670,b,404,-2,21,r,5,-4,121.0451
1362663670,b,547,-2,21,s,2,-4,112.4440
1362663670,q,21,112.4440,0.0000
1362663670,b,478,-4,19,r,5,-1,104.4074
1362663670,b,548,-4,19,s,2,-1,107.4799
1362663670,b,490,-5,19,r,5,1,60.4509
1362663670,b,549,-5,19,s,2,1,60.8641
1362663670,b,457,-2,27,r,5,-3,111.0595
1362663670,b,550,-2,27,s,2,-4,142.3886
1362663670,q,27,142.3886,58.1188
1362663670,b,469,-6,19,r,5,1,61.1123
1362663670,b,551,-6,19,s,2,1,62.2159
1362663670,b,456,-7,19,r,5,-4,119.8080
1362663670,b,552,-7,19,s,2,-4,132.2750
1362663670,b,535,-2,28,r,5,-1,127.1076
1362663670,b,553,-2,28,s,2,-2,144.7720
1362663670,b,442,-1,20,r,5,1,62.5184
1362663670,b,554,-1,20,s,2,1,62.7547
1362663670,b,545,-2,20,r,5,1,67.6475
1362663670,b,555,-2,20,s,2,1,72.6965
1362663670,q,20,88.8181,72.6965
1362663670,b,434,-3,20,r,5,1,56.9872
1362663670,b,556,-3,20,s,2,1,61.1422
1362663670,b,479,-4,20,r,5,-4,88.8181
1362663670,b,557,-4,20,s,2,-4,115.8492
1362663670,q,20,95.0588,72.6965
1362663670,b,491,-5,20,r,5,-2,95.0588
1362663670,b,558,-5,20,s,2,-2,87.7154
1362663670,q,20,87.7154,72.6965
1362663670,b,458,-7,20,r,5,1,65.2217
1362663670,b,559,-7,20,s,2,1,68.5724
1362663670,b,547,-2,21,r,5,-4,112.4440
1362663670,b,560,-2,21,s,2,-4,123.0953
1362663670,b,51,-3,11,r,5,1,100.0000
1362663670,q,21,113.2814,0.0000
1362663670,b,561,-3,11,s,2,1,129.0000
1362663670,b,470,-6,21,r,5,-4,113.2814
1362663670,b,562,-6,21,s,2,-4,104.2131
1362663670,q,21,104.2131,0.0000
1362663670,b,418,-3,17,r,5,3,64.2447
1362663670,b,563,-3,17,s,2,3,59.8486
1362663670,q,17,95.9844,62.3280
1362663670,b,550,-2,27,r,5,-4,142.3886
1362663670,b,564,-2,27,s,2,-4,132.2579
1362663670,q,27,132.2579,58.1188
1362663670,b,459,-3,27,r,5,-3,159.1896
1362663670,b,565,-3,27,s,2,-3,101.4458
1362663670,q,27,101.4458,58.1188
1362663670,b,546,-3,19,r,5,1,73.8825
1362663670,b,566,-3,19,s,2,1,65.1619
1362663670,q,19,84.6763,67.7455
1362663670,b,495,-5,27,r,5,3,56.3248
1362663670,b,567,-5,27,s,2,3,64.7422
1362663670,q,27,101.4458,64.7422
1362663670,b,556,-3,20,r,5,1,61.1422
1362663670,b,563,-3,17,r,5,3,59.8486
1362663670,b,569,-3,17,s,2,3,68.6383
1362663670,q,17,95.9844,68.6383
1362663670,b,568,-3,20,s,2,1,63.7633
1362663670,b,477,-4,17,r,5,2,61.2341
1362663670,b,570,-4,17,s,2,2,58.3281
1362663670,b,488,-5,17,r,5,2,56.9018
1362663670,b,571,-5,17,s,2,2,57.2511
1362663670,b,425,-3,23,r,5,-2,103.5850
1362663670,b,572,-3,23,s,2,-2,90.5766
1362663670,q,23,90.5766,66.5779
1362663670,b,468,-6,17,r,5,-1,111.1918
1362663670,b,573,-6,17,s,2,-1,93.4961
1362663670,q,17,93.4961,68.6383
1362663670,b,454,-7,17,r,5,-2,95.9844
1362663670,b,574,-7,17,s,2,-2,112.1602
1362663670,b,527,-3,24,r,5,-4,91.2917
1362663670,b,575,-3,24,s,2,-4,125.2003
1362663670,q,24,125.2003,75.0406
1362663670,b,572,-3,23,r,5,-2,90.5766
1362663670,b,576,-3,23,s,2,-2,84.8414
1362663670,q,23,84.8414,66.5779
1362663670,b,565,-3,27,r,5,-3,101.4458
1362663670,b,577,-3,27,s,2,-3,142.1431
1362663670,q,27,132.2579,64.7422
1362663670,b,481,-4,23,r,5,1,65.5981
1362663670,b,578,-4,23,s,2,1,66.9269
1362663670,q,23,84.8414,66.9269
1362663670,b,493,-5,23,r,5,1,62.2021
1362663670,b,579,-5,23,s,2,1,70.2885
1362663670,q,23,84.8414,70.2885
1362663670,b,536,-3,28,r,5,-2,142.2525
1362663670,b,580,-3,28,s,2,-2,122.9540
1362663670,q,28,122.9540,75.0410
1362663670,b,471,-6,23,r,5,2,66.5779
1362663670,b,581,-6,23,s,2,2,69.9592
1362663670,b,462,-7,23,r,5,1,55.3303
1362663670,b,582,-7,23,s,2,1,72.7360
1362663670,q,23,84.8414,72.7360
1362663670,q,1,313.0000,0.0000
1362663670,q,2,352.0000,0.0000
1362663670,q,3,385.0000,0.0000
1362663670,q,4,241.0000,0.0000
1362663670,q,5,367.0000,0.0000
1362663670,q,6,284.0000,0.0000
1362663670,q,7,380.0000,0.0000
1362663670,q,8,320.0000,0.0000
1362663670,b,583,-7,2,s,2,1,1000.0000
1362663670,t,-7,auction,2,1,352.0000,112
1362663670,b,583,-7,2,t,4
1362663670,b,332,-7,11,r,5,1,114.0000
1362663670,b,584,-7,11,s,2,1,129.0000
1362663670,b,574,-7,17,r,5,-2,112.1602
1362663670,b,585,-7,17,s,2,-2,134.7691
1362663670,b,524,-7,18,r,5,1,70.7870
1362663670,b,586,-7,18,s,2,1,67.8791
1362663670,b,552,-7,19,r,5,-4,132.2750
1362663670,b,587,-7,19,s,2,-4,136.6382
1362663670,b,559,-7,20,r,5,1,68.5724
1362663670,b,588,-7,20,s,2,1,74.0735
1362663670,q,20,87.7154,74.0735
1362663670,b,460,-7,22,r,5,-2,161.9833
1362663670,b,589,-7,22,s,2,-2,135.0496
1362663670,b,582,-7,23,r,5,1,72.7360
1362663670,b,590,-7,23,s,2,1,62.2532
1362663670,q,23,84.8414,70.2885
1362663670,b,465,-7,25,r,5,-2,159.7896
1362663670,b,591,-7,25,s,2,-2,99.3016
1362663670,b,592,-4,16,c,1,1,152.0000
1362663670,b,570,-4,17,r,5,2,58.3281
1362663670,b,593,-4,17,s,2,2,71.4779
1362663670,q,17,93.4961,71.4779
1362663670,b,548,-4,19,r,5,-1,107.4799
1362663670,b,594,-4,19,s,2,-1,134.5729
1362663670,b,557,-4,20,r,5,-4,115.8492
1362663670,b,595,-4,20,s,2,-4,92.4046
1362663670,b,480,-4,22,r,5,1,57.9172
1362663670,b,596,-4,22,s,2,1,72.2948
1362663670,q,22,124.1483,72.2948
1362663670,b,578,-4,23,r,5,1,66.9269
1362663670,b,597,-4,23,s,2,1,58.5408
1362663670,b,528,-4,24,r,5,1,63.6121
1362663670,b,598,-4,24,s,2,1,63.3196
1362663670,b,483,-4,25,r,5,-2,88.6105
1362663670,b,599,-4,25,s,2,-2,128.6313
1362663670,q,25,99.3016,0.0000
1362663670,b,534,-4,26,r,5,-4,132.2602
1362663670,b,600,-4,26,s,2,-4,83.7963
1362663670,q,26,83.7963,75.0408
1362663670,b,444,-1,22,r,5,-2,143.9905
1362663670,b,601,-1,22,s,2,-2,100.2797
1362663670,q,22,100.2797,72.2948
1362663670,b,596,-4,22,r,5,1,72.2948
1362663670,b,602,-4,22,s,2,1,63.0035
1362663670,q,22,100.2797,63.1674
1362663670,b,603,-1,3,s,2,1,1000.0000
1362663670,t,-1,auction,3,1,385.0000,113
1362663670,b,603,-1,3,t,4
1362663670,b,492,-5,22,r,5,-1,124.1483
1362663670,b,604,-5,22,s,2,-1,106.9934
1362663670,b,605,-1,5,s,2,1,1000.0000
1362663670,t,-1,auction,5,1,367.0000,114
1362663670,b,605,-1,5,t,4
1362663670,b,543,-1,19,r,5,1,67.7455
1362663670,b,606,-1,19,s,2,1,68.2741
1362663670,b,589,-7,22,r,5,-2,135.0496
1362663670,b,607,-7,22,s,2,-2,139.8169
1362663670,q,19,84.6763,68.2741
1362663670,b,599,-4,25,r,5,-2,128.6313
1362663670,b,608,-4,25,s,2,-2,91.4866
1362663670,q,25,91.4866,0.0000
1362663670,b,591,-7,25,r,5,-2,99.3016
1362663670,b,609,-7,25,s,2,-2,127.8095
1362663670,b,554,-1,20,r,5,1,62.7547
1362663670,b,610,-1,20,s,2,2,62.9490
1362663670,b,601,-1,22,r,5,-2,100.2797
1362663670,b,611,-1,22,s,2,-4,89.3011
1362663670,q,22,89.3011,63.1674
1362663670,b,525,-1,24,r,5,-3,140.0937
1362663670,b,612,-1,24,s,2,-3,122.2705
1362663670,q,24,122.2705,75.0406
1362663670,b,533,-1,26,r,5,-2,95.5142
1362663670,b,613,-1,26,s,2,-2,147.0713
1362663670,b,614,-5,8,s,2,1,1000.0000
1362663670,t,-5,auction,8,1,320.0000,115
1362663670,b,614,-5,8,t,4
1362663670,b,487,-5,12,r,5,2,84.0000
1362663670,b,615,-5,12,s,2,2,85.0000
1362663670,b,571,-5,17,r,5,2,57.2511
1362663670,b,616,-5,17,s,2,3,64.7430
1362663670,b,522,-5,18,r,5,-3,114.2606
1362663670,b,617,-5,18,s,2,-3,98.6939
1362663670,q,18,98.6939,75.0392
1362663670,b,558,-5,20,r,5,-2,87.7154
1362663670,b,618,-5,20,s,2,-2,145.9308
1362663670,q,20,92.4046,74.0735
1362663670,b,579,-5,23,r,5,1,70.2885
1362663670,b,619,-5,23,s,2,1,60.6407
1362663670,q,23,84.8414,69.9592
1362663670,b,567,-5,27,r,5,3,64.7422
1362663670,b,620,-5,27,s,2,3,59.5226
1362663670,q,27,132.2579,59.5226
1362663670,b,537,-5,28,r,5,-3,126.2253
1362663670,b,621,-5,28,s,2,-4,138.6741
1362663670,b,467,-6,12,r,5,2,71.0000
1362663670,b,622,-6,12,s,2,2,96.0000
1362663670,b,573,-6,17,r,5,-1,93.4961
1362663670,b,623,-6,17,s,2,-1,123.5463
1362663670,q,17,123.5463,71.4779
1362663670,b,551,-6,19,r,5,1,62.2159
1362663670,b,624,-6,19,s,2,1,70.6471
1362663670,q,19,84.6763,70.6471
1362663670,b,562,-6,21,r,5,-4,104.2131
1362663670,b,625,-6,21,s,2,-4,139.9969
1362663670,q,21,123.0953,0.0000
1362663670,b,581,-6,23,r,5,2,69.9592
1362663670,b,626,-6,23,s,2,2,60.9458
1362663670,q,23,84.8414,62.2532
1362663670,b,531,-6,24,r,5,1,61.3060
1362663670,b,627,-6,24,s,2,1,73.7880
1362663670,b,538,-6,28,r,5,2,73.0844
1362663670,b,628,-6,28,s,2,2,72.0554
1362663680,q,1,311.0000,0.0000
1362663680,q,2,344.0000,0.0000
1362663680,q,3,386.0000,0.0000
1362663680,q,4,245.0000,0.0000
1362663680,q,5,368.0000,0.0000
1362663680,q,6,291.0000,0.0000
1362663680,q,7,373.0000,0.0000
1362663680,q,8,310.0000,0.0000
1362663690,q,1,305.0000,0.0000
1362663690,q,2,345.0000,0.0000
1362663690,q,3,397.0000,0.0000
1362663690,q,4,248.0000,0.0000
1362663690,q,5,376.0000,0.0000
1362663690,q,6,297.0000,0.0000
1362663690,q,7,375.0000,0.0000
1362663690,q,8,302.0000,0.0000
1362663691,b,518,0,18,r,5,1,75.0392
1362663691,b,629,0,18,s,2,1,79.2104
1362663691,q,18,98.6939,79.2104
1362663691,b,519,0,20,r,5,-1,169.9518
1362663691,b,630,0,20,s,2,-1,164.9472
1362663691,b,520,0,23,r,5,-4,169.9515
1362663691,b,631,0,23,s,2,-4,164.9463
1362663691,b,523,0,24,r,5,1,75.0406
1362663691,b,632,0,24,s,2,1,79.2114
1362663691,q,24,122.2705,79.2114
1362663691,b,526,0,25,r,5,-3,169.9512
1362663691,b,633,0,25,s,2,-3,164.9462
1362663691,b,529,0,26,r,5,1,75.0408
1362663691,b,634,0,26,s,2,1,79.2117
1362663691,q,26,83.7963,79.2117
1362663691,b,541,-2,18,r,5,1,65.6593
1362663691,b,635,-2,18,s,2,1,74.0964
1362663691,b,617,-5,18,r,5,-3,98.6939
1362663691,b,532,0,28,r,5,1,75.0410
1362663691,b,637,0,28,s,2,1,79.2118
1362663691,q,28,122.9540,79.2118
1362663691,b,636,-5,18,s,2,-3,102.3426
1362663691,q,18,102.3426,79.2104
1362663691,b,586,-7,18,r,5,1,67.8791
1362663691,b,638,-7,18,s,2,1,65.7533
1362663691,b,612,-1,24,r,5,-3,122.2705
1362663691,b,639,-1,24,s,2,-3,127.5161
1362663691,q,24,125.2003,79.2114
1362663691,b,575,-3,24,r,5,-4,125.2003
1362663691,b,640,-3,24,s,2,-4,134.9493
1362663691,q,24,127.5161,79.2114
1362663691,b,598,-4,24,r,5,1,63.3196
1362663691,b,641,-4,24,s,2,1,72.9183
1362663691,b,627,-6,24,r,5,1,73.7880
1362663691,b,642,-6,24,s,2,1,58.3140
1362663691,b,613,-1,26,r,5,-2,147.0713
1362663691,b,643,-1,26,s,2,-2,134.4311
1362663691,b,600,-4,26,r,5,-4,83.7963
1362663691,b,644,-4,26,s,2,-4,85.2616
1362663691,q,26,85.2616,79.2117
1362663691,b,553,-2,28,r,5,-2,144.7720
1362663691,b,645,-2,28,s,2,-2,103.9744
1362663691,q,28,103.9744,79.2118
1362663691,b,580,-3,28,r,5,-2,122.9540
1362663691,b,646,-3,28,s,2,-2,129.6365
1362663691,b,621,-5,28,r,5,-4,138.6741
1362663691,b,647,-5,28,s,2,-4,105.7486
1362663691,b,628,-6,28,r,5,2,72.0554
1362663691,b,648,-6,28,s,2,2,73.2617
1362663700,q,1,299.0000,0.0000
1362663700,q,2,343.0000,0.0000
1362663700,q,3,414.0000,0.0000
1362663700,q,4,247.0000,0.0000
1362663700,q,5,375.0000,0.0000
1362663700,q,6,292.0000,0.0000
1362663700,q,7,376.0000,0.0000
1362663700,q,8,294.0000,0.0000
1362663710,q,1,295.0000,0.0000
1362663710,q,2,334.0000,0.0000
1362663710,q,3,417.0000,0.0000
1362663710,q,4,244.0000,0.0000
1362663710,q,5,375.0000,0.0000
1362663710,q,6,291.0000,0.0000
1362663710,q,7,381.0000,0.0000
1362663710,q,8,310.0000,0.0000
1362663720,q,1,289.0000,0.0000
1362663720,q,2,330.0000,0.0000
1362663720,q,3,428.0000,0.0000
1362663720,q,4,236.0000,0.0000
1362663720,q,5,369.0000,0.0000
1362663720,q,6,296.0000,0.0000
1362663720,q,7,390.0000,0.0000
1362663720,q,8,322.0000,0.0000
1362663720,q,9,0.0000,0.0000,-2,1,0,1,-1,2,-5,3,-3,3,-4,4
1362663720,q,11,129.0000,128.0000,0,4,-1,2,-5,3,-4,2,-6,3,-2,0,-3,1,-7,1
1362663720,q,12,86.0000,86.0000,0,4,-3,3,-7,3,-2,2,-1,2,-5,0,-6,2
1362663720,q,15,0.0000,0.0000,-1,2,-2,2,-4,2,-5,3,-6,3,-7,1,-3,2
1362663720,q,16,160.0000,152.0000,-4,0,-5,0,-6,3,-7,4,-1,3,-3,3,-2,3
1362663720,t,-6,auction,16,3,160.0000,116
1362663720,b,115,-6,16,t,4
1362663720,t,-7,auction,16,4,160.0000,117
1362663720,b,132,-7,16,t,4
1362663720,t,-1,auction,16,3,160.0000,118
1362663720,b,252,-1,16,t,4
1362663720,t,-3,auction,16,3,160.0000,119
1362663720,b,417,-3,16,t,4
1362663720,t,-2,auction,16,3,160.0000,120
1362663720,b,540,-2,16,t,4
1362663720,q,16,160.0000,152.0000
1362663720,z,16
1362663721,b,629,0,18,r,5,1,79.2104
1362663721,b,649,0,18,s,2,1,83.3811
1362663721,q,18,102.3426,83.3811
1362663721,b,630,0,20,r,5,-1,164.9472
1362663721,b,650,0,20,s,2,-1,159.9423
1362663721,b,631,0,23,r,5,-4,164.9463
1362663721,b,651,0,23,s,2,-4,159.9420
1362663721,b,632,0,24,r,5,1,79.2114
1362663721,b,652,0,24,s,2,1,83.3817
1362663721,q,24,127.5161,83.3817
1362663721,b,633,0,25,r,5,-3,164.9462
1362663721,b,653,0,25,s,2,-3,159.9418
1362663721,b,634,0,26,r,5,1,79.2117
1362663721,b,654,0,26,s,2,1,83.3819
1362663721,q,26,85.2616,83.3819
1362663721,b,635,-2,18,r,5,1,74.0964
1362663721,b,655,-2,18,s,2,1,69.8904
1362663721,b,636,-5,18,r,5,-3,102.3426
1362663721,b,656,-5,18,s,2,-3,83.9140
1362663721,q,18,83.9140,83.3811
1362663721,b,638,-7,18,r,5,1,65.7533
1362663721,b,657,-7,18,s,2,1,72.7684
1362663721,b,639,-1,24,r,5,-3,127.5161
1362663721,b,658,-1,24,s,2,-3,89.6243
1362663721,q,24,89.6243,83.3817
1362663721,b,640,-3,24,r,5,-4,134.9493
1362663721,b,659,-3,24,s,2,-4,80.9799
1362663721,b,637,0,28,r,5,1,79.2118
1362663721,b,660,0,28,s,2,1,83.3821
1362663721,q,28,103.9744,83.3821
1362663721,t,0,-3,24,1,83.3817,121
1362663721,b,652,0,24,t,4
1362663721,b,659,-3,24,t,4,-3,80.9799
1362663721,q,24,80.9799,72.9183
1362663721,b,641,-4,24,r,5,1,72.9183
1362663721,b,661,-4,24,s,2,1,65.5772
1362663721,q,24,80.9799,70.0058
1362663721,b,642,-6,24,r,5,1,58.3140
1362663721,b,662,-6,24,s,2,1,71.5543
1362663721,q,24,80.9799,71.5543
1362663721,b,643,-1,26,r,5,-2,134.4311
1362663721,b,663,-1,26,s,2,-2,105.8111
1362663721,b,644,-4,26,r,5,-4,85.2616
1362663721,b,664,-4,26,s,2,-4,92.8340
1362663721,q,26,92.8340,83.3819
1362663721,b,645,-2,28,r,5,-2,103.9744
1362663721,b,665,-2,28,s,2,-2,93.7946
1362663721,q,28,93.7946,83.3821
1362663721,b,646,-3,28,r,5,-2,129.6365
1362663721,b,666,-3,28,s,2,-2,126.3280
1362663721,b,647,-5,28,r,5,-4,105.7486
1362663721,b,667,-5,28,s,2,-4,90.5010
1362663721,q,28,90.5010,83.3821
1362663721,b,648,-6,28,r,5,2,73.2617
1362663721,b,668,-6,28,s,2,2,77.7067
1362663730,b,355,-2,11,r,5,2,128.0000
1362663730,b,669,-2,11,s,2,2,161.0000
1362663730,b,655,-2,18,r,5,1,69.8904
1362663730,b,670,-2,18,s,2,2,81.8285
1362663730,b,544,-2,19,r,5,-1,84.6763
1362663730,b,671,-2,19,s,2,-1,112.5929
1362663730,q,19,112.5929,70.6471
1362663730,b,606,-1,19,r,5,1,68.2741
1362663730,b,672,-1,19,s,2,1,77.1215
1362663730,q,19,112.5929,77.1215
1362663730,b,560,-2,21,r,5,-4,123.0953
1362663730,b,673,-2,21,s,2,-4,94.0282
1362663730,q,21,94.0282,0.0000
1362663730,b,671,-2,19,r,5,-1,112.5929
1362663730,b,674,-2,19,s,2,-1,106.1997
1362663730,q,19,106.1997,77.1215
1362663730,b,408,-2,23,r,5,1,60.5945
1362663730,b,675,-2,23,s,2,1,64.2675
1362663730,q,23,84.8414,64.2675
1362663730,b,566,-3,19,r,5,1,65.1619
1362663730,b,676,-3,19,s,2,1,80.7839
1362663730,q,19,106.1997,80.7839
1362663730,b,594,-4,19,r,5,-1,134.5729
1362663730,b,677,-4,19,s,2,-1,121.0185
1362663730,b,624,-6,19,r,5,1,70.6471
1362663730,b,678,-6,19,s,2,1,60.1316
1362663730,b,587,-7,19,r,5,-4,136.6382
1362663730,b,679,-7,19,s,2,-4,124.6662
1362663730,b,673,-2,21,r,5,-4,94.0282
1362663730,b,680,-2,21,s,2,-4,81.5312
1362663730,q,21,81.5312,0.0000
1362663730,b,564,-2,27,r,5,-4,132.2579
1362663730,b,681,-2,27,s,2,-4,123.3772
1362663730,q,27,123.3772,59.5226
1362663730,b,625,-6,21,r,5,-4,139.9969
1362663730,b,682,-6,21,s,2,-4,113.3827
1362663730,b,675,-2,23,r,5,1,64.2675
1362663730,b,683,-2,23,s,2,1,77.9419
1362663730,q,23,84.8414,77.9419
1362663730,b,665,-2,28,r,5,-2,93.7946
1362663730,b,684,-2,28,s,2,-1,120.0300
1362663730,b,576,-3,23,r,5,-2,84.8414
1362663730,b,685,-3,23,s,2,-2,86.1366
1362663730,q,23,86.1366,77.9419
1362663730,b,597,-4,23,r,5,1,58.5408
1362663730,b,686,-4,23,s,2,1,70.1814
1362663730,b,619,-5,23,r,5,1,60.6407
1362663730,b,687,-5,23,s,2,1,67.5651
1362663730,b,626,-6,23,r,5,2,60.9458
1362663730,b,688,-6,23,s,2,2,60.7014
1362663730,b,590,-7,23,r,5,1,62.2532
1362663730,b,689,-7,23,s,2,1,64.8724
1362663730,b,681,-2,27,r,5,-4,123.3772
1362663730,b,690,-2,27,s,2,-4,90.9294
1362663730,q,27,90.9294,59.5226
1362663730,b,577,-3,27,r,5,-3,142.1431
1362663730,b,691,-3,27,s,2,-3,124.4405
1362663730,b,620,-5,27,r,5,3,59.5226
1362663730,b,692,-5,27,s,2,3,64.6334
1362663730,q,27,90.9294,64.6334
1362663730,b,585,-7,17,r,5,-2,134.7691
1362663730,b,693,-7,17,s,2,-2,111.4746
1362663730,q,17,111.4746,71.4779
1362663730,b,569,-3,17,r,5,3,68.6383
1362663730,b,694,-3,17,s,2,3,72.3244
1362663730,q,17,111.4746,72.3244
1362663730,b,593,-4,17,r,5,2,71.4779
1362663730,b,695,-4,17,s,2,2,81.0664
1362663730,q,17,111.4746,81.0664
1362663730,b,657,-7,18,r,5,1,72.7684
1362663730,b,696,-7,18,s,2,1,68.9859
1362663730,b,616,-5,17,r,5,3,64.7430
1362663730,b,697,-5,17,s,2,3,76.5179
1362663730,b,623,-6,17,r,5,-1,123.5463
1362663730,b,698,-6,17,s,2,-1,117.6758
1362663730,b,679,-7,19,r,5,-4,124.6662
1362663730,b,699,-7,19,s,2,-4,77.2253
1362663730,t,-3,-7,19,1,80.7839,122
1362663730,b,676,-3,19,t,4
1362663730,b,699,-7,19,t,4,-3,77.2253
1362663730,b,693,-7,17,r,5,-2,111.4746
1362663730,b,700,-7,17,s,2,-2,94.4134
1362663730,q,19,77.2253,77.1215
1362663730,q,17,94.4134,81.0664
1362663730,b,588,-7,20,r,5,1,74.0735
1362663730,b,701,-7,20,s,2,1,77.6293
1362663730,q,20,92.4046,77.6293
1362663730,b,610,-1,20,r,5,2,62.9490
1362663730,b,702,-1,20,s,2,2,80.3228
1362663730,q,20,92.4046,80.3228
1362663730,b,607,-7,22,r,5,-2,139.8169
1362663730,b,703,-7,22,s,2,-2,95.8255
1362663730,b,568,-3,20,r,5,1,63.7633
1362663730,b,704,-3,20,s,2,1,75.8056
1362663730,b,595,-4,20,r,5,-4,92.4046
1362663730,b,705,-4,20,s,2,-4,83.6754
1362663730,b,689,-7,23,r,5,1,64.8724
1362663730,b,706,-7,23,s,2,1,73.9742
1362663730,q,20,83.6754,80.3228
1362663730,b,618,-5,20,r,5,-2,145.9308
1362663730,b,707,-5,20,s,2,-2,112.7612
1362663730,b,701,-7,20,r,5,1,77.6293
1362663730,b,708,-7,20,s,2,1,74.6792
1362663730,b,609,-7,25,r,5,-2,127.8095
1362663730,b,709,-7,25,s,2,-2,112.5062
1362663730,b,698,-6,17,r,5,-1,117.6758
1362663730,b,710,-6,17,s,2,-1,100.9836
1362663730,b,678,-6,19,r,5,1,60.1316
1362663730,b,711,-6,19,s,2,1,72.8605
1362663730,b,682,-6,21,r,5,-4,113.3827
1362663730,b,712,-6,21,s,2,-4,96.8146
1362663730,b,688,-6,23,r,5,2,60.7014
1362663730,b,713,-6,23,s,2,2,75.5633
1362663730,b,662,-6,24,r,5,1,71.5543
1362663730,b,714,-6,24,s,2,1,73.1372
1362663730,q,24,80.9799,73.1372
1362663730,b,668,-6,28,r,5,2,77.7067
1362663730,b,715,-6,28,s,2,2,80.6149
1362663730,b,694,-3,17,r,5,3,72.3244
1362663730,b,716,-3,17,s,2,3,79.6194
1362663730,b,704,-3,20,r,5,1,75.8056
1362663730,b,717,-3,20,s,2,1,59.7436
1362663730,b,685,-3,23,r,5,-2,86.1366
1362663730,b,718,-3,23,s,2,-2,98.4079
1362663730,q,23,98.4079,77.9419
1362663730,b,659,-3,24,r,5,-3,80.9799
1362663730,b,719,-3,24,s,2,-2,89.8528
1362663730,q,24,89.6243,73.1372
1362663730,b,691,-3,27,r,5,-3,124.4405
1362663730,b,720,-3,27,s,2,-3,88.2110
1362663730,q,27,88.2110,64.6334
1362663730,b,666,-3,28,r,5,-2,126.3280
1362663730,b,721,-3,28,s,2,-2,77.1586
1362663730,t,0,-3,28,1,83.3821,123
1362663730,b,660,0,28,t,4
1362663730,b,721,-3,28,t,4,-1,77.1586
1362663730,t,-6,-3,28,1,80.6149,124
1362663730,b,715,-6,28,t,4,1,80.6149
1362663730,b,721,-3,28,t,4
1362663730,q,28,90.5010,80.6149
1362663730,q,1,294.0000,0.0000
1362663730,q,2,326.0000,0.0000
1362663730,q,3,433.0000,0.0000
1362663730,q,4,235.0000,0.0000
1362663730,q,5,365.0000,0.0000
1362663730,q,6,301.0000,0.0000
1362663730,q,7,392.0000,0.0000
1362663730,q,8,325.0000,0.0000
1362663730,b,722,-1,8,s,2,1,72.3324
1362663730,b,722,-1,8,r,5,1,72.3324
1362663730,b,723,-1,8,s,2,1,1000.0000
1362663730,t,-1,auction,8,1,325.0000,125
1362663730,b,723,-1,8,t,4
1362663730,b,672,-1,19,r,5,1,77.1215
1362663730,b,724,-1,19,s,2,2,72.2481
1362663730,q,19,77.2253,72.8605
1362663730,b,611,-1,22,r,5,-4,89.3011
1362663730,b,725,-1,22,s,2,-4,91.0686
1362663730,q,22,91.0686,63.1674
1362663730,b,725,-1,22,r,5,-4,91.0686
1362663730,b,726,-1,22,s,2,-4,126.3830
1362663730,q,22,95.8255,63.1674
1362663730,b,602,-4,22,r,5,1,63.0035
1362663730,b,727,-4,22,s,2,1,66.4703
1362663730,q,22,95.8255,66.4703
1362663730,b,658,-1,24,r,5,-3,89.6243
1362663730,b,728,-1,24,s,2,-3,94.0415
1362663730,q,24,89.8528,73.1372
1362663730,b,703,-7,22,r,5,-2,95.8255
1362663730,b,729,-7,22,s,2,-2,111.4694
1362663730,q,22,106.9934,66.4703
1362663730,b,663,-1,26,r,5,-2,105.8111
1362663730,b,730,-1,26,s,2,-2,103.7833
1362663730,b,695,-4,17,r,5,2,81.0664
1362663730,b,731,-4,17,s,2,2,73.7155
1362663730,q,17,94.4134,79.6194
1362663730,b,677,-4,19,r,5,-1,121.0185
1362663730,b,732,-4,19,s,2,-1,104.8368
1362663730,b,705,-4,20,r,5,-4,83.6754
1362663730,b,733,-4,20,s,2,-4,85.8907
1362663730,q,20,85.8907,80.3228
1362663730,b,727,-4,22,r,5,1,66.4703
1362663730,b,734,-4,22,s,2,1,63.9867
1362663730,q,22,106.9934,63.9867
1362663730,b,686,-4,23,r,5,1,70.1814
1362663730,b,735,-4,23,s,2,1,59.6438
1362663730,b,661,-4,24,r,5,1,65.5772
1362663730,b,736,-4,24,s,2,1,80.8834
1362663730,q,24,89.8528,80.8834
1362663730,b,608,-4,25,r,5,-2,91.4866
1362663730,b,737,-4,25,s,2,-2,79.9127
1362663730,q,25,79.9127,0.0000
1362663730,b,737,-4,25,r,5,-2,79.9127
1362663730,b,738,-4,25,s,2,-2,107.6252
1362663730,q,25,107.6252,0.0000
1362663730,b,709,-7,25,r,5,-2,112.5062
1362663730,b,739,-7,25,s,2,-2,118.1073
1362663730,b,664,-4,26,r,5,-4,92.8340
1362663730,b,740,-4,26,s,2,-4,130.0246
1362663730,q,26,103.7833,83.3819
1362663730,b,697,-5,17,r,5,3,76.5179
1362663730,b,741,-5,17,s,2,2,75.0207
1362663730,b,656,-5,18,r,5,-3,83.9140
1362663730,b,742,-5,18,s,2,-3,87.2664
1362663730,q,18,87.2664,83.3811
1362663730,b,549,-5,19,r,5,1,60.8641
1362663730,b,743,-5,19,s,2,1,74.9999
1362663730,q,19,77.2253,74.9999
1362663730,b,743,-5,19,r,5,1,74.9999
1362663730,b,744,-5,19,s,2,1,79.0838
1362663730,t,-5,-7,19,1,77.2253,126
1362663730,b,699,-7,19,t,4,-2,77.2253
1362663730,b,744,-5,19,t,4
1362663730,q,19,77.2253,72.8605
1362663730,b,707,-5,20,r,5,-2,112.7612
1362663730,b,745,-5,20,s,2,-1,108.2119
1362663730,b,604,-5,22,r,5,-1,106.9934
1362663730,b,746,-5,22,s,2,-1,129.1772
1362663730,q,22,111.4694,63.9867
1362663730,b,746,-5,22,r,5,-1,129.1772
1362663730,b,747,-5,22,s,2,-1,101.0010
1362663730,q,22,101.0010,63.9867
1362663730,b,530,-5,24,r,5,1,70.0058
1362663730,b,748,-5,24,s,2,1,71.1730
1362663730,b,692,-5,27,r,5,3,64.6334
1362663730,b,749,-5,27,s,2,2,78.3939
1362663730,q,27,88.2110,78.3939
1362663730,b,667,-5,28,r,5,-4,90.5010
1362663730,b,750,-5,28,s,2,-3,88.9309
1362663730,q,28,88.9309,80.6149
1362663740,q,1,303.0000,0.0000
1362663740,q,2,322.0000,0.0000
1362663740,q,3,424.0000,0.0000
1362663740,q,4,228.0000,0.0000
1362663740,q,5,369.0000,0.0000
1362663740,q,6,303.0000,0.0000
1362663740,q,7,398.0000,0.0000
1362663740,q,8,335.0000,0.0000
1362663740,b,751,-5,8,c,1,-1,110.1922
1362663750,q,1,295.0000,0.0000
1362663750,q,2,319.0000,0.0000
1362663750,q,3,429.0000,0.0000
1362663750,q,4,230.0000,0.0000
1362663750,q,5,366.0000,0.0000
1362663750,q,6,295.0000,0.0000
1362663750,q,7,390.0000,0.0000
1362663750,q,8,329.0000,0.0000
1362663751,b,649,0,18,r,5,1,83.3811
1362663751,b,752,0,18,s,2,1,87.5524
1362663751,t,0,-5,18,1,87.2664,127
1362663751,b,742,-5,18,t,4,-2,87.2664
1362663751,b,752,0,18,t,4
1362663751,q,18,87.2664,81.8285
1362663751,b,650,0,20,r,5,-1,159.9423
1362663751,b,753,0,20,s,2,-1,154.9368
1362663751,b,670,-2,18,r,5,2,81.8285
1362663751,b,754,-2,18,s,2,2,71.4681
1362663751,q,18,87.2664,71.4681
1362663751,b,742,-5,18,r,5,-2,87.2664
1362663751,b,755,-5,18,s,2,-2,103.0939
1362663751,q,18,103.0939,71.4681
1362663751,b,696,-7,18,r,5,1,68.9859
1362663751,b,756,-7,18,s,2,1,79.5769
1362663751,q,18,103.0939,79.5769
1362663751,b,651,0,23,r,5,-4,159.9420
1362663751,b,757,0,23,s,2,-4,154.9363
1362663751,b,653,0,25,r,5,-3,159.9418
1362663751,b,758,0,25,s,2,-3,154.9360
1362663751,b,654,0,26,r,5,1,83.3819
1362663751,b,759,0,26,s,2,1,87.5535
1362663751,q,26,103.7833,87.5535
1362663751,b,730,-1,26,r,5,-2,103.7833
1362663751,b,760,-1,26,s,2,-2,91.7218
1362663751,q,26,91.7218,87.5535
1362663751,b,740,-4,26,r,5,-4,130.0246
1362663751,b,761,-4,26,s,2,-4,109.0284
1362663760,q,1,307.0000,0.0000
1362663760,q,2,317.0000,0.0000
1362663760,q,3,422.0000,0.0000
1362663760,q,4,229.0000,0.0000
1362663760,q,5,359.0000,0.0000
1362663760,q,6,304.0000,0.0000
1362663760,q,7,385.0000,0.0000
1362663760,q,8,322.0000,0.0000
1362663770,q,1,316.0000,0.0000
1362663770,q,2,319.0000,0.0000
1362663770,q,3,422.0000,0.0000
1362663770,q,4,221.0000,0.0000
1362663770,q,5,350.0000,0.0000
1362663770,q,6,301.0000,0.0000
1362663770,q,7,395.0000,0.0000
1362663770,q,8,336.0000,0.0000
1362663770,b,762,-5,8,c,1,-1,94.4253
1362663780,q,1,322.0000,0.0000
1362663780,q,2,320.0000,0.0000
1362663780,q,3,429.0000,0.0000
1362663780,q,4,217.0000,0.0000
1362663780,q,5,346.0000,0.0000
1362663780,q,6,300.0000,0.0000
1362663780,q,7,387.0000,0.0000
1362663780,q,8,337.0000,0.0000
1362663780,q,9,0.0000,0.0000,-2,1,0,1,-1,2,-5,3,-3,3,-4,4
1362663780,t,-2,auction,9,1,0.0000,128
1362663780,b,28,-2,9,t,4
1362663780,t,0,auction,9,1,0.0000,129
1362663780,b,195,0,9,t,4
1362663780,t,-1,auction,9,2,0.0000,130
1362663780,b,248,-1,9,t,4
1362663780,t,-5,auction,9,3,0.0000,131
1362663780,b,270,-5,9,t,4
1362663780,t,-3,auction,9,3,0.0000,132
1362663780,b,321,-3,9,t,4
1362663780,t,-4,auction,9,4,0.0000,133
1362663780,b,475,-4,9,t,4
1362663780,q,9,0.0000,0.0000
1362663780,z,9
1362663780,q,11,141.0000,129.0000,0,4,-1,2,-5,3,-4,2,-6,3,-3,0,-7,0,-2,2
1362663780,q,12,86.0000,86.0000,0,4,-3,3,-7,3,-2,2,-1,2,-5,0,-6,2
1362663780,q,15,0.0000,0.0000,-1,2,-2,2,-4,2,-5,3,-6,3,-7,1,-3,2
1362663781,b,753,0,20,r,5,-1,154.9368
1362663781,b,763,0,20,s,2,-1,149.9317
1362663781,b,757,0,23,r,5,-4,154.9363
1362663781,b,764,0,23,s,2,-4,149.9312
1362663781,b,758,0,25,r,5,-3,154.9360
1362663781,b,765,0,25,s,2,-3,149.9310
1362663781,b,759,0,26,r,5,1,87.5535
1362663781,b,766,0,26,s,2,1,91.7243
1362663781,t,0,-1,26,1,91.7218,134
1362663781,b,760,-1,26,t,4,-1,91.7218
1362663781,b,766,0,26,t,4
1362663781,q,26,91.7218,0.0000
1362663781,b,760,-1,26,r,5,-1,91.7218
1362663781,b,767,-1,26,s,2,-1,97.6049
1362663781,q,26,97.6049,0.0000
1362663781,b,761,-4,26,r,5,-4,109.0284
1362663781,b,768,-4,26,s,2,-4,110.4847
1362663790,b,724,-1,19,r,5,2,72.2481
1362663790,b,769,-1,19,s,2,2,87.6122
1362663790,t,-1,-7,19,2,77.2253,135
1362663790,b,699,-7,19,t,4
1362663790,b,769,-1,19,t,4
1362663790,q,19,104.8368,72.8605
1362663790,b,726,-1,22,r,5,-4,126.3830
1362663790,b,770,-1,22,s,2,-4,76.2317
1362663790,q,22,76.2317,63.9867
1362663790,b,674,-2,19,r,5,-1,106.1997
1362663790,b,771,-2,19,s,2,-1,99.7060
1362663790,q,19,99.7060,72.8605
1362663790,b,732,-4,19,r,5,-1,104.8368
1362663790,b,772,-4,19,s,2,-1,86.1088
1362663790,q,19,86.1088,72.8605
1362663790,b,728,-1,24,r,5,-3,94.0415
1362663790,b,773,-1,24,s,2,-3,78.2726
1362663790,t,-4,-1,24,1,80.8834,136
1362663790,b,736,-4,24,t,4
1362663790,b,773,-1,24,t,4,-2,78.2726
1362663790,b,711,-6,19,r,5,1,72.8605
1362663790,b,774,-6,19,s,2,1,83.7012
1362663790,q,19,86.1088,83.7012
1362663790,b,770,-1,22,r,5,-4,76.2317
1362663790,b,775,-1,22,s,2,-4,73.0610
1362663790,q,24,78.2726,73.1372
1362663790,q,22,73.0610,63.9867
1362663790,b,767,-1,26,r,5,-1,97.6049
1362663790,b,776,-1,26,s,2,-1,79.2338
1362663790,q,26,79.2338,0.0000
1362663790,b,734,-4,22,r,5,1,63.9867
1362663790,b,777,-4,22,s,2,1,75.4060
1362663790,t,-4,-1,22,1,73.0610,137
1362663790,b,775,-1,22,t,4,-3,73.0610
1362663790,b,777,-4,22,t,4
1362663790,q,22,73.0610,63.1674
1362663790,b,747,-5,22,r,5,-1,101.0010
1362663790,b,778,-5,22,s,2,-1,90.0683
1362663790,b,729,-7,22,r,5,-2,111.4694
1362663790,b,779,-7,22,s,2,-2,88.4043
1362663790,b,773,-1,24,r,5,-2,78.2726
1362663790,b,780,-1,24,s,2,-2,77.5093
1362663790,q,24,77.5093,73.1372
1362663790,b,719,-3,24,r,5,-2,89.8528
1362663790,b,781,-3,24,s,2,-2,76.0809
1362663790,q,24,76.0809,73.1372
1362663790,b,748,-5,24,r,5,1,71.1730
1362663790,b,782,-5,24,s,2,1,69.4391
1362663790,b,714,-6,24,r,5,1,73.1372
1362663790,b,783,-6,24,s,2,1,85.9789
1362663790,t,-6,-3,24,1,76.0809,138
1362663790,b,781,-3,24,t,4,-1,76.0809
1362663790,b,783,-6,24,t,4
1362663790,q,24,76.0809,69.4391
1362663790,b,784,-7,3,s,2,1,1000.0000
1362663790,t,-7,auction,3,1,429.0000,139
1362663790,b,784,-7,3,t,4
1362663790,b,785,-7,4,s,2,1,1000.0000
1362663790,t,-7,auction,4,1,217.0000,140
1362663790,b,785,-7,4,t,4
1362663790,b,786,-7,8,s,2,2,1000.0000
1362663790,t,-7,auction,8,2,337.0000,141
1362663790,b,786,-7,8,t,4
1362663790,b,787,-7,11,c,1,1,141.0000
1362663790,b,700,-7,17,r,5,-2,94.4134
1362663790,b,788,-7,17,s,2,-4,71.7390
1362663790,t,-3,-7,17,3,79.6194,142
1362663790,b,716,-3,17,t,4
1362663790,b,788,-7,17,t,4,-1,71.7390
1362663790,t,-5,-7,17,1,75.0207,143
1362663790,b,741,-5,17,t,4,1,75.0207
1362663790,b,788,-7,17,t,4
1362663790,q,17,100.9836,75.0207
1362663790,b,756,-7,18,r,5,1,79.5769
1362663790,b,789,-7,18,s,2,1,64.5159
1362663790,q,18,103.0939,71.4681
1362663790,b,790,-7,19,s,2,1,72.6867
1362663790,b,708,-7,20,r,5,1,74.6792
1362663790,b,791,-7,20,s,2,1,81.6486
1362663790,q,20,85.8907,81.6486
1362663790,b,779,-7,22,r,5,-2,88.4043
1362663790,b,792,-7,22,s,2,-2,78.0911
1362663790,b,706,-7,23,r,5,1,73.9742
1362663790,b,793,-7,23,s,2,1,88.8699
1362663790,q,23,98.4079,88.8699
1362663790,b,739,-7,25,r,5,-2,118.1073
1362663790,b,794,-7,25,s,2,-2,111.7606
1362663790,b,795,-7,28,s,2,1,86.7448
1362663790,q,28,88.9309,86.7448
1362663790,b,796,-6,2,s,2,1,1000.0000
1362663790,t,-6,auction,2,1,320.0000,144
1362663790,b,796,-6,2,t,4
1362663790,b,710,-6,17,r,5,-1,100.9836
1362663790,b,797,-6,17,s,2,-2,103.5854
1362663790,q,17,103.5854,75.0207
1362663790,b,377,-6,18,r,5,-1,136.0453
1362663790,b,798,-6,18,s,2,1,82.7072
1362663790,q,18,103.0939,82.7072
1362663790,b,774,-6,19,r,5,1,83.7012
1362663790,b,799,-6,19,s,2,1,86.9144
1362663790,t,-6,-4,19,1,86.1088,145
1362663790,b,772,-4,19,t,4
1362663790,b,799,-6,19,t,4
1362663790,b,731,-4,17,r,5,2,73.7155
1362663790,b,800,-4,17,s,2,2,79.9318
1362663790,q,19,99.7060,72.6867
1362663790,q,17,103.5854,79.9318
1362663790,b,741,-5,17,r,5,1,75.0207
1362663790,b,801,-5,17,s,2,1,67.3672
1362663790,b,797,-6,17,r,5,-2,103.5854
1362663790,b,802,-6,17,s,2,-2,80.2158
1362663790,q,17,80.2158,79.9318
1362663790,b,754,-2,18,r,5,2,71.4681
1362663790,b,803,-2,18,s,2,2,88.3585
1362663790,q,18,103.0939,88.3585
1362663790,b,755,-5,18,r,5,-2,103.0939
1362663790,b,804,-5,18,s,2,-2,95.6939
1362663790,q,18,95.6939,88.3585
1362663790,b,798,-6,18,r,5,1,82.7072
1362663790,b,805,-6,18,s,2,1,78.1725
1362663790,b,789,-7,18,r,5,1,64.5159
1362663790,b,806,-7,18,s,2,1,85.7107
1362663790,b,717,-3,20,r,5,1,59.7436
1362663790,b,807,-3,20,s,2,1,71.7725
1362663790,b,733,-4,20,r,5,-4,85.8907
1362663790,b,808,-4,20,s,2,-4,99.0764
1362663790,q,20,99.0764,81.6486
1362663790,b,745,-5,20,r,5,-1,108.2119
1362663790,b,809,-5,20,s,2,-1,73.2694
1362663790,q,1,320.0000,0.0000
1362663790,q,2,322.0000,0.0000
1362663790,q,3,443.0000,0.0000
1362663790,q,4,219.0000,0.0000
1362663790,q,5,337.0000,0.0000
1362663790,q,6,299.0000,0.0000
1362663790,q,7,389.0000,0.0000
1362663790,b,712,-6,21,r,5,-4,96.8146
1362663790,b,810,-6,21,s,2,-4,96.5445
1362663790,b,713,-6,23,r,5,2,75.5633
1362663790,b,811,-6,23,s,2,2,64.3638
1362663790,b,715,-6,28,r,5,1,80.6149
1362663790,b,812,-6,28,s,2,1,87.0364
1362663790,q,28,88.9309,87.0364
1362663790,q,8,358.0000,0.0000
1362663790,t,-7,-5,20,1,81.6486,146
1362663790,b,791,-7,20,t,4
1362663790,b,809,-5,20,t,4
1362663790,q,20,99.0764,80.3228
1362663790,b,683,-2,23,r,5,1,77.9419
1362663790,b,813,-2,23,s,2,1,87.9093
1362663790,b,718,-3,23,r,5,-2,98.4079
1362663790,b,814,-3,23,s,2,-2,109.7652
1362663790,q,23,109.7652,88.8699
1362663790,b,735,-4,23,r,5,1,59.6438
1362663790,b,815,-4,23,s,2,1,72.9054
1362663790,b,811,-6,23,r,5,2,64.3638
1362663790,b,816,-6,23,s,2,2,80.1448
1362663790,b,793,-7,23,r,5,1,88.8699
1362663790,b,817,-7,23,s,2,1,72.7080
1362663790,q,23,109.7652,87.9093
1362663790,b,684,-2,28,r,5,-1,120.0300
1362663790,b,818,-2,28,s,2,-1,85.1954
1362663790,t,-6,-2,28,1,87.0364,147
1362663790,b,812,-6,28,t,4
1362663790,b,818,-2,28,t,4
1362663790,q,28,88.9309,86.7448
1362663790,b,750,-5,28,r,5,-3,88.9309
1362663790,b,819,-5,28,s,2,-3,96.4178
1362663790,q,28,96.4178,86.7448
1362663790,b,801,-5,17,r,5,1,67.3672
1362663790,b,821,-5,17,s,2,1,83.3182
1362663790,b,795,-7,28,r,5,1,86.7448
1362663790,b,820,-7,28,s,2,1,86.5355
1362663790,q,28,96.4178,86.5355
1362663790,t,-5,-6,17,1,80.2158,148
1362663790,b,802,-6,17,t,4,-1,80.2158
1362663790,b,821,-5,17,t,4
1362663790,b,790,-7,19,r,5,1,72.6867
1362663790,b,822,-7,19,s,2,1,66.3570
1362663790,q,19,99.7060,66.3570
1362663790,b,804,-5,18,r,5,-2,95.6939
1362663790,b,823,-5,18,s,2,-2,90.6662
1362663790,q,18,90.6662,88.3585
1362663790,b,778,-5,22,r,5,-1,90.0683
1362663790,b,824,-5,22,s,2,-1,100.6830
1362663790,b,782,-5,24,r,5,1,69.4391
1362663790,b,825,-5,24,s,2,1,74.8306
1362663790,q,24,76.0809,74.8306
1362663790,b,749,-5,27,r,5,2,78.3939
1362663790,b,826,-5,27,s,2,2,76.9741
1362663790,q,27,88.2110,76.9741
1362663790,b,690,-2,27,r,5,-4,90.9294
1362663790,b,827,-2,27,s,2,-4,106.2484
1362663790,b,819,-5,28,r,5,-3,96.4178
1362663790,b,828,-5,28,s,2,-3,73.3187
1362663790,t,-7,-5,28,1,86.5355,149
1362663790,b,820,-7,28,t,4
1362663790,b,828,-5,28,t,4,-2,73.3187
1362663790,b,720,-3,27,r,5,-3,88.2110
1362663790,b,829,-3,27,s,2,-3,102.6589
1362663790,q,28,73.3187,0.0000
1362663790,q,27,102.6589,76.9741
1362663790,b,826,-5,27,r,5,2,76.9741
1362663790,b,830,-5,27,s,2,2,82.5740
1362663790,q,27,102.6589,82.5740
1362663790,b,800,-4,17,r,5,2,79.9318
1362663790,b,831,-4,17,s,2,2,73.5747
1362663790,q,17,80.2158,73.5747
1362663790,b,808,-4,20,r,5,-4,99.0764
1362663790,b,832,-4,20,s,2,-4,95.1514
1362663790,q,20,95.1514,80.3228
1362663790,b,815,-4,23,r,5,1,72.9054
1362663790,b,833,-4,23,s,2,1,79.0683
1362663790,b,738,-4,25,r,5,-2,107.6252
1362663790,b,834,-4,25,s,2,-2,85.1393
1362663790,q,25,85.1393,0.0000
1362663790,b,834,-4,25,r,5,-2,85.1393
1362663790,b,835,-4,25,s,2,-2,72.1394
1362663790,q,25,72.1394,0.0000
1362663790,b,768,-4,26,r,5,-4,110.4847
1362663790,b,836,-4,26,s,2,-4,91.2333
1362663790,b,794,-7,25,r,5,-2,111.7606
1362663790,b,837,-7,25,s,2,-2,86.6044
1362663790,b,561,-3,11,r,5,1,129.0000
1362663790,b,838,-3,11,s,2,2,176.0000
1362663790,b,839,-3,17,s,2,1,69.7932
1362663790,b,807,-3,20,r,5,1,71.7725
1362663790,b,840,-3,20,s,2,1,61.9326
1362663790,b,814,-3,23,r,5,-2,109.7652
1362663790,b,841,-3,23,s,2,-2,107.1987
1362663790,q,23,107.1987,87.9093
1362663790,b,781,-3,24,r,5,-1,76.0809
1362663790,b,842,-3,24,s,2,-2,97.3132
1362663790,q,24,77.5093,74.8306
1362663790,b,829,-3,27,r,5,-3,102.6589
1362663790,b,843,-3,27,s,2,-3,99.9840
1362663790,q,27,99.9840,82.5740
1362663790,b,803,-2,18,r,5,2,88.3585
1362663790,b,844,-2,18,s,2,2,79.2917
1362663790,q,18,90.6662,85.7107
1362663790,b,771,-2,19,r,5,-1,99.7060
1362663790,b,845,-2,19,s,2,-1,109.2084
1362663790,q,19,109.2084,66.3570
1362663790,b,680,-2,21,r,5,-4,81.5312
1362663790,b,846,-2,21,s,2,-4,91.8831
1362663790,q,21,91.8831,0.0000
1362663790,b,846,-2,21,r,5,-4,91.8831
1362663790,b,847,-2,21,s,2,-4,96.9217
1362663790,q,21,96.5445,0.0000
1362663790,b,813,-2,23,r,5,1,87.9093
1362663790,b,848,-2,23,s,2,1,72.3577
1362663790,q,23,107.1987,80.1448
1362663790,b,810,-6,21,r,5,-4,96.5445
1362663790,b,849,-6,21,s,2,-4,104.3289
1362663790,q,21,96.9217,0.0000
1362663790,b,827,-2,27,r,5,-4,106.2484
1362663790,b,850,-2,27,s,2,-4,106.3099
1362663800,q,1,328.0000,0.0000
1362663800,q,2,323.0000,0.0000
1362663800,q,3,457.0000,0.0000
1362663800,q,4,213.0000,0.0000
1362663800,q,5,335.0000,0.0000
1362663800,q,6,305.0000,0.0000
1362663800,q,7,390.0000,0.0000
1362663800,q,8,371.0000,0.0000
1362663800,b,851,-5,8,c,1,-1,110.1806
1362663810,q,1,332.0000,0.0000
1362663810,q,2,327.0000,0.0000
1362663810,q,3,448.0000,0.0000
1362663810,q,4,210.0000,0.0000
1362663810,q,5,331.0000,0.0000
1362663810,q,6,304.0000,0.0000
1362663810,q,7,398.0000,0.0000
1362663810,q,8,376.0000,0.0000
1362663811,b,763,0,20,r,5,-1,149.9317
1362663811,b,852,0,20,s,2,-1,144.9267
1362663811,b,764,0,23,r,5,-4,149.9312
1362663811,b,853,0,23,s,2,-4,144.9263
1362663811,b,765,0,25,r,5,-3,149.9310
1362663811,b,854,0,25,s,2,-3,144.9260
1362663820,q,1,343.0000,0.0000
1362663820,q,2,334.0000,0.0000
1362663820,q,3,449.0000,0.0000
1362663820,q,4,206.0000,0.0000
1362663820,q,5,329.0000,0.0000
1362663820,q,6,302.0000,0.0000
1362663820,q,7,409.0000,0.0000
1362663820,q,8,389.0000,0.0000
1362663830,q,1,346.0000,0.0000
1362663830,q,2,340.0000,0.0000
1362663830,q,3,459.0000,0.0000
1362663830,q,4,197.0000,0.0000
1362663830,q,5,324.0000,0.0000
1362663830,q,6,295.0000,0.0000
1362663830,q,7,407.0000,0.0000
1362663830,q,8,402.0000,0.0000
1362663830,b,855,-5,8,c,1,-1,81.1443
1362663840,q,1,336.0000,0.0000
1362663840,q,2,341.0000,0.0000
1362663840,q,3,456.0000,0.0000
1362663840,q,4,195.0000,0.0000
1362663840,q,5,332.0000,0.0000
1362663840,q,6,297.0000,0.0000
1362663840,q,7,418.0000,0.0000
1362663840,q,8,407.0000,0.0000
1362663840,q,11,142.0000,141.0000,0,4,-1,0,-5,3,-4,2,-6,3,-7,0,-2,2,-3,2
1362663840,q,12,86.0000,86.0000,0,4,-3,3,-7,3,-2,2,-1,2,-5,0,-6,2
1362663840,q,15,0.0000,0.0000,-1,2,-2,2,-4,2,-5,3,-6,3,-7,1,-3,2
1362663840,t,-1,auction,15,2,0.0000,150
1362663840,b,14,-1,15,t,4
1362663840,t,-2,auction,15,2,0.0000,151
1362663840,b,34,-2,15,t,4
1362663840,t,-4,auction,15,2,0.0000,152
1362663840,b,75,-4,15,t,4
1362663840,t,-5,auction,15,3,0.0000,153
1362663840,b,93,-5,15,t,4
1362663840,t,-6,auction,15,3,0.0000,154
1362663840,b,114,-6,15,t,4
1362663840,t,-7,auction,15,1,0.0000,155
1362663840,b,131,-7,15,t,4
1362663840,t,-3,auction,15,2,0.0000,156
1362663840,b,416,-3,15,t,4
1362663840,q,15,0.0000,0.0000
1362663840,z,15
1362663841,b,852,0,20,r,5,-1,144.9267
1362663841,b,856,0,20,s,2,-1,139.9217
1362663841,b,853,0,23,r,5,-4,144.9263
1362663841,b,857,0,23,s,2,-4,139.9213
1362663841,b,854,0,25,r,5,-3,144.9260
1362663841,b,858,0,25,s,2,-3,139.9212
1362663850,b,859,-7,8,s,2,1,1000.0000
1362663850,t,-7,auction,8,1,407.0000,157
1362663850,b,859,-7,8,t,4
1362663850,b,860,-7,11,c,1,1,142.0000
1362663850,b,333,-7,12,r,5,3,102.0000
1362663850,b,861,-7,12,s,2,4,118.0000
1362663850,b,806,-7,18,r,5,1,85.7107
1362663850,b,862,-7,18,s,2,1,69.8483
1362663850,q,18,90.6662,79.2917
1362663850,b,844,-2,18,r,5,2,79.2917
1362663850,b,822,-7,19,r,5,1,66.3570
1362663850,b,864,-7,19,s,2,1,76.5237
1362663850,q,19,109.2084,76.5237
1362663850,b,863,-2,18,s,2,2,83.0974
1362663850,q,18,90.6662,83.0974
1362663850,b,823,-5,18,r,5,-2,90.6662
1362663850,b,865,-5,18,s,2,-2,88.2275
1362663850,q,18,88.2275,83.0974
1362663850,b,866,-7,20,s,2,1,77.6741
1362663850,b,805,-6,18,r,5,1,78.1725
1362663850,b,867,-6,18,s,2,1,76.4090
1362663850,b,862,-7,18,r,5,1,69.8483
1362663850,b,868,-7,18,s,2,1,85.2865
1362663850,q,18,88.2275,85.2865
1362663850,b,792,-7,22,r,5,-2,78.0911
1362663850,b,869,-7,22,s,2,-2,76.3639
1362663850,b,845,-2,19,r,5,-1,109.2084
1362663850,b,870,-2,19,s,2,-1,74.8129
1362663850,t,-7,-2,19,1,76.5237,158
1362663850,b,864,-7,19,t,4
1362663850,b,870,-2,19,t,4
1362663850,q,19,0.0000,0.0000
1362663850,b,817,-7,23,r,5,1,72.7080
1362663850,b,871,-7,23,s,2,1,91.9516
1362663850,q,23,107.1987,91.9516
1362663850,b,848,-2,23,r,5,1,72.3577
1362663850,b,872,-2,23,s,2,1,77.3575
1362663850,b,841,-3,23,r,5,-2,107.1987
1362663850,b,873,-3,23,s,2,-2,76.1237
1362663850,t,-7,-3,23,1,91.9516,159
1362663850,b,871,-7,23,t,4
1362663850,b,873,-3,23,t,4,-1,76.1237
1362663850,b,874,-7,24,s,2,1,84.1961
1362663850,t,-6,-3,23,1,80.1448,160
1362663850,b,816,-6,23,t,4,1,80.1448
1362663850,b,873,-3,23,t,4
1362663850,q,23,139.9213,80.1448
1362663850,t,-7,-1,24,1,77.5093,161
1362663850,b,780,-1,24,t,4,-1,77.5093
1362663850,b,874,-7,24,t,4
1362663850,b,833,-4,23,r,5,1,79.0683
1362663850,b,875,-4,23,s,2,1,72.0152
1362663850,b,816,-6,23,r,5,1,80.1448
1362663850,b,876,-6,23,s,2,1,89.8004
1362663850,b,837,-7,25,r,5,-2,86.6044
1362663850,q,23,139.9213,89.8004
1362663850,b,877,-7,25,s,2,-2,75.3073
1362663850,b,802,-6,17,r,5,-1,80.2158
1362663850,b,878,-6,17,s,2,-1,76.9079
1362663850,q,17,76.9079,73.5747
1362663850,b,839,-3,17,r,5,1,69.7932
1362663850,b,879,-3,17,s,2,1,82.8079
1362663850,b,867,-6,18,r,5,1,76.4090
1362663850,b,880,-6,18,s,2,1,65.2014
1362663850,t,-3,-6,17,1,76.9079,162
1362663850,b,878,-6,17,t,4
1362663850,b,879,-3,17,t,4
1362663850,q,17,0.0000,73.5747
1362663850,b,831,-4,17,r,5,2,73.5747
1362663850,b,881,-4,17,s,2,2,92.5516
1362663850,q,17,0.0000,92.5516
1362663850,b,849,-6,21,r,5,-4,104.3289
1362663850,b,882,-6,21,s,2,-4,78.8244
1362663850,q,21,78.8244,0.0000
1362663850,b,847,-2,21,r,5,-4,96.9217
1362663850,b,883,-2,21,s,2,-4,76.2962
1362663850,q,21,76.2962,0.0000
1362663850,b,882,-6,21,r,5,-4,78.8244
1362663850,b,884,-6,21,s,2,-4,80.6378
1362663850,q,1,334.0000,0.0000
1362663850,q,2,344.0000,0.0000
1362663850,q,3,451.0000,0.0000
1362663850,q,4,187.0000,0.0000
1362663850,q,5,334.0000,0.0000
1362663850,q,6,303.0000,0.0000
1362663850,q,7,412.0000,0.0000
1362663850,q,8,421.0000,0.0000
1362663850,b,876,-6,23,r,5,1,89.8004
1362663850,b,885,-6,23,s,2,1,66.1961
1362663850,q,23,139.9213,77.3575
1362663850,b,886,-5,17,s,2,1,95.9132
1362663850,q,17,0.0000,95.9132
1362663850,b,886,-5,17,r,5,1,95.9132
1362663850,b,887,-5,17,s,2,1,81.0451
1362663850,q,17,0.0000,92.5516
1362663850,b,865,-5,18,r,5,-2,88.2275
1362663850,b,888,-5,18,s,2,-2,71.7320
1362663850,t,-7,-5,18,1,85.2865,163
1362663850,b,868,-7,18,t,4
1362663850,b,888,-5,18,t,4,-1,71.7320
1362663850,t,-2,-5,18,1,83.0974,164
1362663850,b,863,-2,18,t,4,1,83.0974
1362663850,b,888,-5,18,t,4
1362663850,q,18,0.0000,83.0974
1362663850,b,824,-5,22,r,5,-1,100.6830
1362663850,b,889,-5,22,s,2,-1,94.4934
1362663850,b,825,-5,24,r,5,1,74.8306
1362663850,b,890,-5,24,s,2,1,67.5331
1362663850,q,24,77.5093,67.5331
1362663850,b,780,-1,24,r,5,-1,77.5093
1362663850,b,891,-1,24,s,2,-1,82.5441
1362663850,q,24,82.5441,67.5331
1362663850,b,842,-3,24,r,5,-2,97.3132
1362663850,b,892,-3,24,s,2,-2,70.3392
1362663850,q,24,70.3392,67.5331
1362663850,b,890,-5,24,r,5,1,67.5331
1362663850,b,893,-5,24,s,2,1,86.6892
1362663850,t,-5,-3,24,1,70.3392,165
1362663850,b,892,-3,24,t,4,-1,70.3392
1362663850,b,893,-5,24,t,4
1362663850,b,830,-5,27,r,5,2,82.5740
1362663850,q,24,70.3392,0.0000
1362663850,b,894,-5,27,s,2,2,85.0565
1362663850,q,27,99.9840,85.0565
1362663850,b,850,-2,27,r,5,-4,106.3099
1362663850,b,895,-2,27,s,2,-4,83.3608
1362663850,b,828,-5,28,r,5,-2,73.3187
1362663850,b,896,-5,28,s,2,-2,93.6138
1362663850,q,28,93.6138,0.0000
1362663850,t,-5,-2,27,2,85.0565,166
1362663850,b,894,-5,27,t,4
1362663850,b,895,-2,27,t,4,-2,83.3608
1362663850,q,27,83.3608,58.1188
1362663850,b,843,-3,27,r,5,-3,99.9840
1362663850,b,897,-3,27,s,2,-3,78.4262
1362663850,q,27,78.4262,58.1188
1362663850,b,896,-5,28,r,5,-2,93.6138
1362663850,b,898,-5,28,s,2,-2,71.3715
1362663850,q,28,71.3715,0.0000
1362663850,b,881,-4,17,r,